[2024-04-29T13:41:50.917+0700] {processor.py:161} INFO - Started process (PID=7105) to work on /mnt/d/Programming/Vietnamese-Text-Generator/airflow_env/lib/python3.10/site-packages/airflow/example_dags/example_complex.py
[2024-04-29T13:41:50.924+0700] {processor.py:830} INFO - Processing file /mnt/d/Programming/Vietnamese-Text-Generator/airflow_env/lib/python3.10/site-packages/airflow/example_dags/example_complex.py for tasks to queue
[2024-04-29T13:41:50.937+0700] {logging_mixin.py:188} INFO - [2024-04-29T13:41:50.934+0700] {dagbag.py:540} INFO - Filling up the DagBag from /mnt/d/Programming/Vietnamese-Text-Generator/airflow_env/lib/python3.10/site-packages/airflow/example_dags/example_complex.py
[2024-04-29T13:41:51.058+0700] {processor.py:840} INFO - DAG(s) 'example_complex' retrieved from /mnt/d/Programming/Vietnamese-Text-Generator/airflow_env/lib/python3.10/site-packages/airflow/example_dags/example_complex.py
[2024-04-29T13:41:53.382+0700] {logging_mixin.py:188} INFO - [2024-04-29T13:41:53.373+0700] {override.py:1829} INFO - Created Permission View: can read on DAG:example_complex
[2024-04-29T13:41:53.554+0700] {logging_mixin.py:188} INFO - [2024-04-29T13:41:53.549+0700] {override.py:1829} INFO - Created Permission View: can delete on DAG:example_complex
[2024-04-29T13:41:53.697+0700] {logging_mixin.py:188} INFO - [2024-04-29T13:41:53.690+0700] {override.py:1829} INFO - Created Permission View: can edit on DAG:example_complex
[2024-04-29T13:41:53.705+0700] {logging_mixin.py:188} INFO - [2024-04-29T13:41:53.702+0700] {dag.py:3096} INFO - Sync 1 DAGs
[2024-04-29T13:41:53.806+0700] {logging_mixin.py:188} INFO - [2024-04-29T13:41:53.797+0700] {dag.py:3118} INFO - Creating ORM DAG for example_complex
[2024-04-29T13:41:53.829+0700] {logging_mixin.py:188} INFO - [2024-04-29T13:41:53.820+0700] {dag.py:3954} INFO - Setting next_dagrun for example_complex to None, run_after=None
[2024-04-29T13:41:54.050+0700] {processor.py:183} INFO - Processing /mnt/d/Programming/Vietnamese-Text-Generator/airflow_env/lib/python3.10/site-packages/airflow/example_dags/example_complex.py took 3.198 seconds
[2024-04-29T13:43:32.384+0700] {processor.py:161} INFO - Started process (PID=7559) to work on /mnt/d/Programming/Vietnamese-Text-Generator/airflow_env/lib/python3.10/site-packages/airflow/example_dags/example_complex.py
[2024-04-29T13:43:32.386+0700] {processor.py:830} INFO - Processing file /mnt/d/Programming/Vietnamese-Text-Generator/airflow_env/lib/python3.10/site-packages/airflow/example_dags/example_complex.py for tasks to queue
[2024-04-29T13:43:32.389+0700] {logging_mixin.py:188} INFO - [2024-04-29T13:43:32.388+0700] {dagbag.py:540} INFO - Filling up the DagBag from /mnt/d/Programming/Vietnamese-Text-Generator/airflow_env/lib/python3.10/site-packages/airflow/example_dags/example_complex.py
[2024-04-29T13:43:32.423+0700] {processor.py:840} INFO - DAG(s) 'example_complex' retrieved from /mnt/d/Programming/Vietnamese-Text-Generator/airflow_env/lib/python3.10/site-packages/airflow/example_dags/example_complex.py
[2024-04-29T13:43:32.507+0700] {logging_mixin.py:188} INFO - [2024-04-29T13:43:32.505+0700] {dag.py:3096} INFO - Sync 1 DAGs
[2024-04-29T13:43:32.541+0700] {logging_mixin.py:188} INFO - [2024-04-29T13:43:32.540+0700] {dag.py:3954} INFO - Setting next_dagrun for example_complex to None, run_after=None
[2024-04-29T13:43:32.639+0700] {processor.py:183} INFO - Processing /mnt/d/Programming/Vietnamese-Text-Generator/airflow_env/lib/python3.10/site-packages/airflow/example_dags/example_complex.py took 0.271 seconds
[2024-04-29T13:45:05.252+0700] {processor.py:161} INFO - Started process (PID=7993) to work on /mnt/d/Programming/Vietnamese-Text-Generator/airflow_env/lib/python3.10/site-packages/airflow/example_dags/example_complex.py
[2024-04-29T13:45:05.259+0700] {processor.py:830} INFO - Processing file /mnt/d/Programming/Vietnamese-Text-Generator/airflow_env/lib/python3.10/site-packages/airflow/example_dags/example_complex.py for tasks to queue
[2024-04-29T13:45:05.265+0700] {logging_mixin.py:188} INFO - [2024-04-29T13:45:05.263+0700] {dagbag.py:540} INFO - Filling up the DagBag from /mnt/d/Programming/Vietnamese-Text-Generator/airflow_env/lib/python3.10/site-packages/airflow/example_dags/example_complex.py
[2024-04-29T13:45:05.329+0700] {processor.py:840} INFO - DAG(s) 'example_complex' retrieved from /mnt/d/Programming/Vietnamese-Text-Generator/airflow_env/lib/python3.10/site-packages/airflow/example_dags/example_complex.py
[2024-04-29T13:45:05.643+0700] {logging_mixin.py:188} INFO - [2024-04-29T13:45:05.640+0700] {dag.py:3096} INFO - Sync 1 DAGs
[2024-04-29T13:45:05.674+0700] {logging_mixin.py:188} INFO - [2024-04-29T13:45:05.671+0700] {dag.py:3954} INFO - Setting next_dagrun for example_complex to None, run_after=None
[2024-04-29T13:45:05.778+0700] {processor.py:183} INFO - Processing /mnt/d/Programming/Vietnamese-Text-Generator/airflow_env/lib/python3.10/site-packages/airflow/example_dags/example_complex.py took 0.560 seconds
[2024-04-29T13:46:47.239+0700] {processor.py:161} INFO - Started process (PID=8459) to work on /mnt/d/Programming/Vietnamese-Text-Generator/airflow_env/lib/python3.10/site-packages/airflow/example_dags/example_complex.py
[2024-04-29T13:46:47.244+0700] {processor.py:830} INFO - Processing file /mnt/d/Programming/Vietnamese-Text-Generator/airflow_env/lib/python3.10/site-packages/airflow/example_dags/example_complex.py for tasks to queue
[2024-04-29T13:46:47.249+0700] {logging_mixin.py:188} INFO - [2024-04-29T13:46:47.247+0700] {dagbag.py:540} INFO - Filling up the DagBag from /mnt/d/Programming/Vietnamese-Text-Generator/airflow_env/lib/python3.10/site-packages/airflow/example_dags/example_complex.py
[2024-04-29T13:46:47.296+0700] {processor.py:840} INFO - DAG(s) 'example_complex' retrieved from /mnt/d/Programming/Vietnamese-Text-Generator/airflow_env/lib/python3.10/site-packages/airflow/example_dags/example_complex.py
[2024-04-29T13:46:47.365+0700] {logging_mixin.py:188} INFO - [2024-04-29T13:46:47.363+0700] {dag.py:3096} INFO - Sync 1 DAGs
[2024-04-29T13:46:47.414+0700] {logging_mixin.py:188} INFO - [2024-04-29T13:46:47.412+0700] {dag.py:3954} INFO - Setting next_dagrun for example_complex to None, run_after=None
[2024-04-29T13:46:47.584+0700] {processor.py:183} INFO - Processing /mnt/d/Programming/Vietnamese-Text-Generator/airflow_env/lib/python3.10/site-packages/airflow/example_dags/example_complex.py took 0.367 seconds
[2024-04-29T13:51:40.005+0700] {processor.py:161} INFO - Started process (PID=9780) to work on /mnt/d/Programming/Vietnamese-Text-Generator/airflow_env/lib/python3.10/site-packages/airflow/example_dags/example_complex.py
[2024-04-29T13:51:40.008+0700] {processor.py:830} INFO - Processing file /mnt/d/Programming/Vietnamese-Text-Generator/airflow_env/lib/python3.10/site-packages/airflow/example_dags/example_complex.py for tasks to queue
[2024-04-29T13:51:40.014+0700] {logging_mixin.py:188} INFO - [2024-04-29T13:51:40.013+0700] {dagbag.py:540} INFO - Filling up the DagBag from /mnt/d/Programming/Vietnamese-Text-Generator/airflow_env/lib/python3.10/site-packages/airflow/example_dags/example_complex.py
[2024-04-29T13:51:40.056+0700] {processor.py:840} INFO - DAG(s) 'example_complex' retrieved from /mnt/d/Programming/Vietnamese-Text-Generator/airflow_env/lib/python3.10/site-packages/airflow/example_dags/example_complex.py
[2024-04-29T13:51:40.115+0700] {logging_mixin.py:188} INFO - [2024-04-29T13:51:40.114+0700] {dag.py:3096} INFO - Sync 1 DAGs
[2024-04-29T13:51:40.133+0700] {logging_mixin.py:188} INFO - [2024-04-29T13:51:40.132+0700] {dag.py:3954} INFO - Setting next_dagrun for example_complex to None, run_after=None
[2024-04-29T13:51:40.203+0700] {processor.py:183} INFO - Processing /mnt/d/Programming/Vietnamese-Text-Generator/airflow_env/lib/python3.10/site-packages/airflow/example_dags/example_complex.py took 0.225 seconds
[2024-04-29T13:53:25.331+0700] {processor.py:161} INFO - Started process (PID=10265) to work on /mnt/d/Programming/Vietnamese-Text-Generator/airflow_env/lib/python3.10/site-packages/airflow/example_dags/example_complex.py
[2024-04-29T13:53:25.333+0700] {processor.py:830} INFO - Processing file /mnt/d/Programming/Vietnamese-Text-Generator/airflow_env/lib/python3.10/site-packages/airflow/example_dags/example_complex.py for tasks to queue
[2024-04-29T13:53:25.337+0700] {logging_mixin.py:188} INFO - [2024-04-29T13:53:25.336+0700] {dagbag.py:540} INFO - Filling up the DagBag from /mnt/d/Programming/Vietnamese-Text-Generator/airflow_env/lib/python3.10/site-packages/airflow/example_dags/example_complex.py
[2024-04-29T13:53:25.371+0700] {processor.py:840} INFO - DAG(s) 'example_complex' retrieved from /mnt/d/Programming/Vietnamese-Text-Generator/airflow_env/lib/python3.10/site-packages/airflow/example_dags/example_complex.py
[2024-04-29T13:53:25.435+0700] {logging_mixin.py:188} INFO - [2024-04-29T13:53:25.434+0700] {dag.py:3096} INFO - Sync 1 DAGs
[2024-04-29T13:53:25.456+0700] {logging_mixin.py:188} INFO - [2024-04-29T13:53:25.455+0700] {dag.py:3954} INFO - Setting next_dagrun for example_complex to None, run_after=None
[2024-04-29T13:53:25.536+0700] {processor.py:183} INFO - Processing /mnt/d/Programming/Vietnamese-Text-Generator/airflow_env/lib/python3.10/site-packages/airflow/example_dags/example_complex.py took 0.223 seconds
[2024-04-29T13:55:40.138+0700] {processor.py:161} INFO - Started process (PID=10872) to work on /mnt/d/Programming/Vietnamese-Text-Generator/airflow_env/lib/python3.10/site-packages/airflow/example_dags/example_complex.py
[2024-04-29T13:55:40.146+0700] {processor.py:830} INFO - Processing file /mnt/d/Programming/Vietnamese-Text-Generator/airflow_env/lib/python3.10/site-packages/airflow/example_dags/example_complex.py for tasks to queue
[2024-04-29T13:55:40.153+0700] {logging_mixin.py:188} INFO - [2024-04-29T13:55:40.151+0700] {dagbag.py:540} INFO - Filling up the DagBag from /mnt/d/Programming/Vietnamese-Text-Generator/airflow_env/lib/python3.10/site-packages/airflow/example_dags/example_complex.py
[2024-04-29T13:55:40.372+0700] {processor.py:840} INFO - DAG(s) 'example_complex' retrieved from /mnt/d/Programming/Vietnamese-Text-Generator/airflow_env/lib/python3.10/site-packages/airflow/example_dags/example_complex.py
[2024-04-29T13:55:40.453+0700] {logging_mixin.py:188} INFO - [2024-04-29T13:55:40.452+0700] {dag.py:3096} INFO - Sync 1 DAGs
[2024-04-29T13:55:40.483+0700] {logging_mixin.py:188} INFO - [2024-04-29T13:55:40.482+0700] {dag.py:3954} INFO - Setting next_dagrun for example_complex to None, run_after=None
[2024-04-29T13:55:40.686+0700] {processor.py:183} INFO - Processing /mnt/d/Programming/Vietnamese-Text-Generator/airflow_env/lib/python3.10/site-packages/airflow/example_dags/example_complex.py took 0.572 seconds
[2024-04-29T13:58:04.604+0700] {processor.py:161} INFO - Started process (PID=11511) to work on /mnt/d/Programming/Vietnamese-Text-Generator/airflow_env/lib/python3.10/site-packages/airflow/example_dags/example_complex.py
[2024-04-29T13:58:04.607+0700] {processor.py:830} INFO - Processing file /mnt/d/Programming/Vietnamese-Text-Generator/airflow_env/lib/python3.10/site-packages/airflow/example_dags/example_complex.py for tasks to queue
[2024-04-29T13:58:04.613+0700] {logging_mixin.py:188} INFO - [2024-04-29T13:58:04.611+0700] {dagbag.py:540} INFO - Filling up the DagBag from /mnt/d/Programming/Vietnamese-Text-Generator/airflow_env/lib/python3.10/site-packages/airflow/example_dags/example_complex.py
[2024-04-29T13:58:04.683+0700] {processor.py:840} INFO - DAG(s) 'example_complex' retrieved from /mnt/d/Programming/Vietnamese-Text-Generator/airflow_env/lib/python3.10/site-packages/airflow/example_dags/example_complex.py
[2024-04-29T13:58:04.820+0700] {logging_mixin.py:188} INFO - [2024-04-29T13:58:04.819+0700] {dag.py:3096} INFO - Sync 1 DAGs
[2024-04-29T13:58:04.869+0700] {logging_mixin.py:188} INFO - [2024-04-29T13:58:04.868+0700] {dag.py:3954} INFO - Setting next_dagrun for example_complex to None, run_after=None
[2024-04-29T13:58:04.990+0700] {processor.py:183} INFO - Processing /mnt/d/Programming/Vietnamese-Text-Generator/airflow_env/lib/python3.10/site-packages/airflow/example_dags/example_complex.py took 0.431 seconds
[2024-04-29T13:59:46.034+0700] {processor.py:161} INFO - Started process (PID=11970) to work on /mnt/d/Programming/Vietnamese-Text-Generator/airflow_env/lib/python3.10/site-packages/airflow/example_dags/example_complex.py
[2024-04-29T13:59:46.037+0700] {processor.py:830} INFO - Processing file /mnt/d/Programming/Vietnamese-Text-Generator/airflow_env/lib/python3.10/site-packages/airflow/example_dags/example_complex.py for tasks to queue
[2024-04-29T13:59:46.042+0700] {logging_mixin.py:188} INFO - [2024-04-29T13:59:46.041+0700] {dagbag.py:540} INFO - Filling up the DagBag from /mnt/d/Programming/Vietnamese-Text-Generator/airflow_env/lib/python3.10/site-packages/airflow/example_dags/example_complex.py
[2024-04-29T13:59:46.075+0700] {processor.py:840} INFO - DAG(s) 'example_complex' retrieved from /mnt/d/Programming/Vietnamese-Text-Generator/airflow_env/lib/python3.10/site-packages/airflow/example_dags/example_complex.py
[2024-04-29T13:59:46.126+0700] {logging_mixin.py:188} INFO - [2024-04-29T13:59:46.125+0700] {dag.py:3096} INFO - Sync 1 DAGs
[2024-04-29T13:59:46.146+0700] {logging_mixin.py:188} INFO - [2024-04-29T13:59:46.145+0700] {dag.py:3954} INFO - Setting next_dagrun for example_complex to None, run_after=None
[2024-04-29T13:59:46.223+0700] {processor.py:183} INFO - Processing /mnt/d/Programming/Vietnamese-Text-Generator/airflow_env/lib/python3.10/site-packages/airflow/example_dags/example_complex.py took 0.224 seconds
[2024-04-29T14:01:52.835+0700] {processor.py:161} INFO - Started process (PID=12523) to work on /mnt/d/Programming/Vietnamese-Text-Generator/airflow_env/lib/python3.10/site-packages/airflow/example_dags/example_complex.py
[2024-04-29T14:01:52.837+0700] {processor.py:830} INFO - Processing file /mnt/d/Programming/Vietnamese-Text-Generator/airflow_env/lib/python3.10/site-packages/airflow/example_dags/example_complex.py for tasks to queue
[2024-04-29T14:01:52.840+0700] {logging_mixin.py:188} INFO - [2024-04-29T14:01:52.839+0700] {dagbag.py:540} INFO - Filling up the DagBag from /mnt/d/Programming/Vietnamese-Text-Generator/airflow_env/lib/python3.10/site-packages/airflow/example_dags/example_complex.py
[2024-04-29T14:01:52.880+0700] {processor.py:840} INFO - DAG(s) 'example_complex' retrieved from /mnt/d/Programming/Vietnamese-Text-Generator/airflow_env/lib/python3.10/site-packages/airflow/example_dags/example_complex.py
[2024-04-29T14:01:52.969+0700] {logging_mixin.py:188} INFO - [2024-04-29T14:01:52.968+0700] {dag.py:3096} INFO - Sync 1 DAGs
[2024-04-29T14:01:52.996+0700] {logging_mixin.py:188} INFO - [2024-04-29T14:01:52.995+0700] {dag.py:3954} INFO - Setting next_dagrun for example_complex to None, run_after=None
[2024-04-29T14:01:53.090+0700] {processor.py:183} INFO - Processing /mnt/d/Programming/Vietnamese-Text-Generator/airflow_env/lib/python3.10/site-packages/airflow/example_dags/example_complex.py took 0.277 seconds
[2024-04-29T14:04:03.281+0700] {processor.py:161} INFO - Started process (PID=13094) to work on /mnt/d/Programming/Vietnamese-Text-Generator/airflow_env/lib/python3.10/site-packages/airflow/example_dags/example_complex.py
[2024-04-29T14:04:03.283+0700] {processor.py:830} INFO - Processing file /mnt/d/Programming/Vietnamese-Text-Generator/airflow_env/lib/python3.10/site-packages/airflow/example_dags/example_complex.py for tasks to queue
[2024-04-29T14:04:03.286+0700] {logging_mixin.py:188} INFO - [2024-04-29T14:04:03.285+0700] {dagbag.py:540} INFO - Filling up the DagBag from /mnt/d/Programming/Vietnamese-Text-Generator/airflow_env/lib/python3.10/site-packages/airflow/example_dags/example_complex.py
[2024-04-29T14:04:03.318+0700] {processor.py:840} INFO - DAG(s) 'example_complex' retrieved from /mnt/d/Programming/Vietnamese-Text-Generator/airflow_env/lib/python3.10/site-packages/airflow/example_dags/example_complex.py
[2024-04-29T14:04:03.370+0700] {logging_mixin.py:188} INFO - [2024-04-29T14:04:03.369+0700] {dag.py:3096} INFO - Sync 1 DAGs
[2024-04-29T14:04:03.395+0700] {logging_mixin.py:188} INFO - [2024-04-29T14:04:03.393+0700] {dag.py:3954} INFO - Setting next_dagrun for example_complex to None, run_after=None
[2024-04-29T14:04:03.489+0700] {processor.py:183} INFO - Processing /mnt/d/Programming/Vietnamese-Text-Generator/airflow_env/lib/python3.10/site-packages/airflow/example_dags/example_complex.py took 0.226 seconds
[2024-04-29T14:06:16.126+0700] {processor.py:161} INFO - Started process (PID=13673) to work on /mnt/d/Programming/Vietnamese-Text-Generator/airflow_env/lib/python3.10/site-packages/airflow/example_dags/example_complex.py
[2024-04-29T14:06:16.133+0700] {processor.py:830} INFO - Processing file /mnt/d/Programming/Vietnamese-Text-Generator/airflow_env/lib/python3.10/site-packages/airflow/example_dags/example_complex.py for tasks to queue
[2024-04-29T14:06:16.142+0700] {logging_mixin.py:188} INFO - [2024-04-29T14:06:16.138+0700] {dagbag.py:540} INFO - Filling up the DagBag from /mnt/d/Programming/Vietnamese-Text-Generator/airflow_env/lib/python3.10/site-packages/airflow/example_dags/example_complex.py
[2024-04-29T14:06:16.237+0700] {processor.py:840} INFO - DAG(s) 'example_complex' retrieved from /mnt/d/Programming/Vietnamese-Text-Generator/airflow_env/lib/python3.10/site-packages/airflow/example_dags/example_complex.py
[2024-04-29T14:06:16.401+0700] {logging_mixin.py:188} INFO - [2024-04-29T14:06:16.400+0700] {dag.py:3096} INFO - Sync 1 DAGs
[2024-04-29T14:06:16.421+0700] {logging_mixin.py:188} INFO - [2024-04-29T14:06:16.420+0700] {dag.py:3954} INFO - Setting next_dagrun for example_complex to None, run_after=None
[2024-04-29T14:06:16.495+0700] {processor.py:183} INFO - Processing /mnt/d/Programming/Vietnamese-Text-Generator/airflow_env/lib/python3.10/site-packages/airflow/example_dags/example_complex.py took 0.420 seconds
[2024-04-29T14:08:25.488+0700] {processor.py:161} INFO - Started process (PID=14236) to work on /mnt/d/Programming/Vietnamese-Text-Generator/airflow_env/lib/python3.10/site-packages/airflow/example_dags/example_complex.py
[2024-04-29T14:08:25.491+0700] {processor.py:830} INFO - Processing file /mnt/d/Programming/Vietnamese-Text-Generator/airflow_env/lib/python3.10/site-packages/airflow/example_dags/example_complex.py for tasks to queue
[2024-04-29T14:08:25.495+0700] {logging_mixin.py:188} INFO - [2024-04-29T14:08:25.493+0700] {dagbag.py:540} INFO - Filling up the DagBag from /mnt/d/Programming/Vietnamese-Text-Generator/airflow_env/lib/python3.10/site-packages/airflow/example_dags/example_complex.py
[2024-04-29T14:08:25.532+0700] {processor.py:840} INFO - DAG(s) 'example_complex' retrieved from /mnt/d/Programming/Vietnamese-Text-Generator/airflow_env/lib/python3.10/site-packages/airflow/example_dags/example_complex.py
[2024-04-29T14:08:25.596+0700] {logging_mixin.py:188} INFO - [2024-04-29T14:08:25.594+0700] {dag.py:3096} INFO - Sync 1 DAGs
[2024-04-29T14:08:25.625+0700] {logging_mixin.py:188} INFO - [2024-04-29T14:08:25.624+0700] {dag.py:3954} INFO - Setting next_dagrun for example_complex to None, run_after=None
[2024-04-29T14:08:25.716+0700] {processor.py:183} INFO - Processing /mnt/d/Programming/Vietnamese-Text-Generator/airflow_env/lib/python3.10/site-packages/airflow/example_dags/example_complex.py took 0.249 seconds
[2024-04-29T14:10:33.569+0700] {processor.py:161} INFO - Started process (PID=14795) to work on /mnt/d/Programming/Vietnamese-Text-Generator/airflow_env/lib/python3.10/site-packages/airflow/example_dags/example_complex.py
[2024-04-29T14:10:33.571+0700] {processor.py:830} INFO - Processing file /mnt/d/Programming/Vietnamese-Text-Generator/airflow_env/lib/python3.10/site-packages/airflow/example_dags/example_complex.py for tasks to queue
[2024-04-29T14:10:33.574+0700] {logging_mixin.py:188} INFO - [2024-04-29T14:10:33.573+0700] {dagbag.py:540} INFO - Filling up the DagBag from /mnt/d/Programming/Vietnamese-Text-Generator/airflow_env/lib/python3.10/site-packages/airflow/example_dags/example_complex.py
[2024-04-29T14:10:33.625+0700] {processor.py:840} INFO - DAG(s) 'example_complex' retrieved from /mnt/d/Programming/Vietnamese-Text-Generator/airflow_env/lib/python3.10/site-packages/airflow/example_dags/example_complex.py
[2024-04-29T14:10:33.719+0700] {logging_mixin.py:188} INFO - [2024-04-29T14:10:33.710+0700] {dag.py:3096} INFO - Sync 1 DAGs
[2024-04-29T14:10:33.754+0700] {logging_mixin.py:188} INFO - [2024-04-29T14:10:33.752+0700] {dag.py:3954} INFO - Setting next_dagrun for example_complex to None, run_after=None
[2024-04-29T14:10:33.920+0700] {processor.py:183} INFO - Processing /mnt/d/Programming/Vietnamese-Text-Generator/airflow_env/lib/python3.10/site-packages/airflow/example_dags/example_complex.py took 0.382 seconds
[2024-04-29T14:12:37.299+0700] {processor.py:161} INFO - Started process (PID=15337) to work on /mnt/d/Programming/Vietnamese-Text-Generator/airflow_env/lib/python3.10/site-packages/airflow/example_dags/example_complex.py
[2024-04-29T14:12:37.301+0700] {processor.py:830} INFO - Processing file /mnt/d/Programming/Vietnamese-Text-Generator/airflow_env/lib/python3.10/site-packages/airflow/example_dags/example_complex.py for tasks to queue
[2024-04-29T14:12:37.304+0700] {logging_mixin.py:188} INFO - [2024-04-29T14:12:37.302+0700] {dagbag.py:540} INFO - Filling up the DagBag from /mnt/d/Programming/Vietnamese-Text-Generator/airflow_env/lib/python3.10/site-packages/airflow/example_dags/example_complex.py
[2024-04-29T14:12:37.366+0700] {processor.py:840} INFO - DAG(s) 'example_complex' retrieved from /mnt/d/Programming/Vietnamese-Text-Generator/airflow_env/lib/python3.10/site-packages/airflow/example_dags/example_complex.py
[2024-04-29T14:12:37.445+0700] {logging_mixin.py:188} INFO - [2024-04-29T14:12:37.442+0700] {dag.py:3096} INFO - Sync 1 DAGs
[2024-04-29T14:12:37.469+0700] {logging_mixin.py:188} INFO - [2024-04-29T14:12:37.468+0700] {dag.py:3954} INFO - Setting next_dagrun for example_complex to None, run_after=None
[2024-04-29T14:12:37.567+0700] {processor.py:183} INFO - Processing /mnt/d/Programming/Vietnamese-Text-Generator/airflow_env/lib/python3.10/site-packages/airflow/example_dags/example_complex.py took 0.300 seconds
[2024-04-29T14:14:54.702+0700] {processor.py:161} INFO - Started process (PID=15946) to work on /mnt/d/Programming/Vietnamese-Text-Generator/airflow_env/lib/python3.10/site-packages/airflow/example_dags/example_complex.py
[2024-04-29T14:14:54.705+0700] {processor.py:830} INFO - Processing file /mnt/d/Programming/Vietnamese-Text-Generator/airflow_env/lib/python3.10/site-packages/airflow/example_dags/example_complex.py for tasks to queue
[2024-04-29T14:14:54.709+0700] {logging_mixin.py:188} INFO - [2024-04-29T14:14:54.707+0700] {dagbag.py:540} INFO - Filling up the DagBag from /mnt/d/Programming/Vietnamese-Text-Generator/airflow_env/lib/python3.10/site-packages/airflow/example_dags/example_complex.py
[2024-04-29T14:14:54.745+0700] {processor.py:840} INFO - DAG(s) 'example_complex' retrieved from /mnt/d/Programming/Vietnamese-Text-Generator/airflow_env/lib/python3.10/site-packages/airflow/example_dags/example_complex.py
[2024-04-29T14:14:54.797+0700] {logging_mixin.py:188} INFO - [2024-04-29T14:14:54.796+0700] {dag.py:3096} INFO - Sync 1 DAGs
[2024-04-29T14:14:54.819+0700] {logging_mixin.py:188} INFO - [2024-04-29T14:14:54.817+0700] {dag.py:3954} INFO - Setting next_dagrun for example_complex to None, run_after=None
[2024-04-29T14:14:54.949+0700] {processor.py:183} INFO - Processing /mnt/d/Programming/Vietnamese-Text-Generator/airflow_env/lib/python3.10/site-packages/airflow/example_dags/example_complex.py took 0.280 seconds
[2024-04-29T14:17:02.943+0700] {processor.py:161} INFO - Started process (PID=16520) to work on /mnt/d/Programming/Vietnamese-Text-Generator/airflow_env/lib/python3.10/site-packages/airflow/example_dags/example_complex.py
[2024-04-29T14:17:02.946+0700] {processor.py:830} INFO - Processing file /mnt/d/Programming/Vietnamese-Text-Generator/airflow_env/lib/python3.10/site-packages/airflow/example_dags/example_complex.py for tasks to queue
[2024-04-29T14:17:02.950+0700] {logging_mixin.py:188} INFO - [2024-04-29T14:17:02.948+0700] {dagbag.py:540} INFO - Filling up the DagBag from /mnt/d/Programming/Vietnamese-Text-Generator/airflow_env/lib/python3.10/site-packages/airflow/example_dags/example_complex.py
[2024-04-29T14:17:02.996+0700] {processor.py:840} INFO - DAG(s) 'example_complex' retrieved from /mnt/d/Programming/Vietnamese-Text-Generator/airflow_env/lib/python3.10/site-packages/airflow/example_dags/example_complex.py
[2024-04-29T14:17:03.085+0700] {logging_mixin.py:188} INFO - [2024-04-29T14:17:03.083+0700] {dag.py:3096} INFO - Sync 1 DAGs
[2024-04-29T14:17:03.118+0700] {logging_mixin.py:188} INFO - [2024-04-29T14:17:03.116+0700] {dag.py:3954} INFO - Setting next_dagrun for example_complex to None, run_after=None
[2024-04-29T14:17:03.398+0700] {processor.py:183} INFO - Processing /mnt/d/Programming/Vietnamese-Text-Generator/airflow_env/lib/python3.10/site-packages/airflow/example_dags/example_complex.py took 0.481 seconds
[2024-04-29T14:19:05.639+0700] {processor.py:161} INFO - Started process (PID=17071) to work on /mnt/d/Programming/Vietnamese-Text-Generator/airflow_env/lib/python3.10/site-packages/airflow/example_dags/example_complex.py
[2024-04-29T14:19:05.646+0700] {processor.py:830} INFO - Processing file /mnt/d/Programming/Vietnamese-Text-Generator/airflow_env/lib/python3.10/site-packages/airflow/example_dags/example_complex.py for tasks to queue
[2024-04-29T14:19:05.656+0700] {logging_mixin.py:188} INFO - [2024-04-29T14:19:05.653+0700] {dagbag.py:540} INFO - Filling up the DagBag from /mnt/d/Programming/Vietnamese-Text-Generator/airflow_env/lib/python3.10/site-packages/airflow/example_dags/example_complex.py
[2024-04-29T14:19:05.847+0700] {processor.py:840} INFO - DAG(s) 'example_complex' retrieved from /mnt/d/Programming/Vietnamese-Text-Generator/airflow_env/lib/python3.10/site-packages/airflow/example_dags/example_complex.py
[2024-04-29T14:19:05.891+0700] {logging_mixin.py:188} INFO - [2024-04-29T14:19:05.890+0700] {dag.py:3096} INFO - Sync 1 DAGs
[2024-04-29T14:19:05.911+0700] {logging_mixin.py:188} INFO - [2024-04-29T14:19:05.910+0700] {dag.py:3954} INFO - Setting next_dagrun for example_complex to None, run_after=None
[2024-04-29T14:19:06.070+0700] {processor.py:183} INFO - Processing /mnt/d/Programming/Vietnamese-Text-Generator/airflow_env/lib/python3.10/site-packages/airflow/example_dags/example_complex.py took 0.498 seconds
[2024-04-29T14:21:11.487+0700] {processor.py:161} INFO - Started process (PID=17629) to work on /mnt/d/Programming/Vietnamese-Text-Generator/airflow_env/lib/python3.10/site-packages/airflow/example_dags/example_complex.py
[2024-04-29T14:21:11.494+0700] {processor.py:830} INFO - Processing file /mnt/d/Programming/Vietnamese-Text-Generator/airflow_env/lib/python3.10/site-packages/airflow/example_dags/example_complex.py for tasks to queue
[2024-04-29T14:21:11.505+0700] {logging_mixin.py:188} INFO - [2024-04-29T14:21:11.500+0700] {dagbag.py:540} INFO - Filling up the DagBag from /mnt/d/Programming/Vietnamese-Text-Generator/airflow_env/lib/python3.10/site-packages/airflow/example_dags/example_complex.py
[2024-04-29T14:21:11.600+0700] {processor.py:840} INFO - DAG(s) 'example_complex' retrieved from /mnt/d/Programming/Vietnamese-Text-Generator/airflow_env/lib/python3.10/site-packages/airflow/example_dags/example_complex.py
[2024-04-29T14:21:11.635+0700] {logging_mixin.py:188} INFO - [2024-04-29T14:21:11.634+0700] {dag.py:3096} INFO - Sync 1 DAGs
[2024-04-29T14:21:11.652+0700] {logging_mixin.py:188} INFO - [2024-04-29T14:21:11.651+0700] {dag.py:3954} INFO - Setting next_dagrun for example_complex to None, run_after=None
[2024-04-29T14:21:11.733+0700] {processor.py:183} INFO - Processing /mnt/d/Programming/Vietnamese-Text-Generator/airflow_env/lib/python3.10/site-packages/airflow/example_dags/example_complex.py took 0.300 seconds
[2024-04-29T14:23:24.393+0700] {processor.py:161} INFO - Started process (PID=18214) to work on /mnt/d/Programming/Vietnamese-Text-Generator/airflow_env/lib/python3.10/site-packages/airflow/example_dags/example_complex.py
[2024-04-29T14:23:24.399+0700] {processor.py:830} INFO - Processing file /mnt/d/Programming/Vietnamese-Text-Generator/airflow_env/lib/python3.10/site-packages/airflow/example_dags/example_complex.py for tasks to queue
[2024-04-29T14:23:24.408+0700] {logging_mixin.py:188} INFO - [2024-04-29T14:23:24.404+0700] {dagbag.py:540} INFO - Filling up the DagBag from /mnt/d/Programming/Vietnamese-Text-Generator/airflow_env/lib/python3.10/site-packages/airflow/example_dags/example_complex.py
[2024-04-29T14:23:24.518+0700] {processor.py:840} INFO - DAG(s) 'example_complex' retrieved from /mnt/d/Programming/Vietnamese-Text-Generator/airflow_env/lib/python3.10/site-packages/airflow/example_dags/example_complex.py
[2024-04-29T14:23:24.693+0700] {logging_mixin.py:188} INFO - [2024-04-29T14:23:24.690+0700] {dag.py:3096} INFO - Sync 1 DAGs
[2024-04-29T14:23:24.753+0700] {logging_mixin.py:188} INFO - [2024-04-29T14:23:24.749+0700] {dag.py:3954} INFO - Setting next_dagrun for example_complex to None, run_after=None
[2024-04-29T14:23:24.968+0700] {processor.py:183} INFO - Processing /mnt/d/Programming/Vietnamese-Text-Generator/airflow_env/lib/python3.10/site-packages/airflow/example_dags/example_complex.py took 0.629 seconds
[2024-04-29T14:25:38.274+0700] {processor.py:161} INFO - Started process (PID=18805) to work on /mnt/d/Programming/Vietnamese-Text-Generator/airflow_env/lib/python3.10/site-packages/airflow/example_dags/example_complex.py
[2024-04-29T14:25:38.276+0700] {processor.py:830} INFO - Processing file /mnt/d/Programming/Vietnamese-Text-Generator/airflow_env/lib/python3.10/site-packages/airflow/example_dags/example_complex.py for tasks to queue
[2024-04-29T14:25:38.279+0700] {logging_mixin.py:188} INFO - [2024-04-29T14:25:38.278+0700] {dagbag.py:540} INFO - Filling up the DagBag from /mnt/d/Programming/Vietnamese-Text-Generator/airflow_env/lib/python3.10/site-packages/airflow/example_dags/example_complex.py
[2024-04-29T14:25:38.311+0700] {processor.py:840} INFO - DAG(s) 'example_complex' retrieved from /mnt/d/Programming/Vietnamese-Text-Generator/airflow_env/lib/python3.10/site-packages/airflow/example_dags/example_complex.py
[2024-04-29T14:25:38.367+0700] {logging_mixin.py:188} INFO - [2024-04-29T14:25:38.366+0700] {dag.py:3096} INFO - Sync 1 DAGs
[2024-04-29T14:25:38.389+0700] {logging_mixin.py:188} INFO - [2024-04-29T14:25:38.388+0700] {dag.py:3954} INFO - Setting next_dagrun for example_complex to None, run_after=None
[2024-04-29T14:25:38.473+0700] {processor.py:183} INFO - Processing /mnt/d/Programming/Vietnamese-Text-Generator/airflow_env/lib/python3.10/site-packages/airflow/example_dags/example_complex.py took 0.212 seconds
[2024-04-29T14:27:55.398+0700] {processor.py:161} INFO - Started process (PID=19404) to work on /mnt/d/Programming/Vietnamese-Text-Generator/airflow_env/lib/python3.10/site-packages/airflow/example_dags/example_complex.py
[2024-04-29T14:27:55.405+0700] {processor.py:830} INFO - Processing file /mnt/d/Programming/Vietnamese-Text-Generator/airflow_env/lib/python3.10/site-packages/airflow/example_dags/example_complex.py for tasks to queue
[2024-04-29T14:27:55.414+0700] {logging_mixin.py:188} INFO - [2024-04-29T14:27:55.411+0700] {dagbag.py:540} INFO - Filling up the DagBag from /mnt/d/Programming/Vietnamese-Text-Generator/airflow_env/lib/python3.10/site-packages/airflow/example_dags/example_complex.py
[2024-04-29T14:27:55.512+0700] {processor.py:840} INFO - DAG(s) 'example_complex' retrieved from /mnt/d/Programming/Vietnamese-Text-Generator/airflow_env/lib/python3.10/site-packages/airflow/example_dags/example_complex.py
[2024-04-29T14:27:55.621+0700] {logging_mixin.py:188} INFO - [2024-04-29T14:27:55.619+0700] {dag.py:3096} INFO - Sync 1 DAGs
[2024-04-29T14:27:55.656+0700] {logging_mixin.py:188} INFO - [2024-04-29T14:27:55.655+0700] {dag.py:3954} INFO - Setting next_dagrun for example_complex to None, run_after=None
[2024-04-29T14:27:55.738+0700] {processor.py:183} INFO - Processing /mnt/d/Programming/Vietnamese-Text-Generator/airflow_env/lib/python3.10/site-packages/airflow/example_dags/example_complex.py took 0.387 seconds
[2024-04-29T14:30:13.795+0700] {processor.py:161} INFO - Started process (PID=20006) to work on /mnt/d/Programming/Vietnamese-Text-Generator/airflow_env/lib/python3.10/site-packages/airflow/example_dags/example_complex.py
[2024-04-29T14:30:13.798+0700] {processor.py:830} INFO - Processing file /mnt/d/Programming/Vietnamese-Text-Generator/airflow_env/lib/python3.10/site-packages/airflow/example_dags/example_complex.py for tasks to queue
[2024-04-29T14:30:13.801+0700] {logging_mixin.py:188} INFO - [2024-04-29T14:30:13.799+0700] {dagbag.py:540} INFO - Filling up the DagBag from /mnt/d/Programming/Vietnamese-Text-Generator/airflow_env/lib/python3.10/site-packages/airflow/example_dags/example_complex.py
[2024-04-29T14:30:13.839+0700] {processor.py:840} INFO - DAG(s) 'example_complex' retrieved from /mnt/d/Programming/Vietnamese-Text-Generator/airflow_env/lib/python3.10/site-packages/airflow/example_dags/example_complex.py
[2024-04-29T14:30:13.896+0700] {logging_mixin.py:188} INFO - [2024-04-29T14:30:13.893+0700] {dag.py:3096} INFO - Sync 1 DAGs
[2024-04-29T14:30:13.934+0700] {logging_mixin.py:188} INFO - [2024-04-29T14:30:13.931+0700] {dag.py:3954} INFO - Setting next_dagrun for example_complex to None, run_after=None
[2024-04-29T14:30:14.070+0700] {processor.py:183} INFO - Processing /mnt/d/Programming/Vietnamese-Text-Generator/airflow_env/lib/python3.10/site-packages/airflow/example_dags/example_complex.py took 0.295 seconds
[2024-04-29T14:32:27.762+0700] {processor.py:161} INFO - Started process (PID=20600) to work on /mnt/d/Programming/Vietnamese-Text-Generator/airflow_env/lib/python3.10/site-packages/airflow/example_dags/example_complex.py
[2024-04-29T14:32:27.769+0700] {processor.py:830} INFO - Processing file /mnt/d/Programming/Vietnamese-Text-Generator/airflow_env/lib/python3.10/site-packages/airflow/example_dags/example_complex.py for tasks to queue
[2024-04-29T14:32:27.783+0700] {logging_mixin.py:188} INFO - [2024-04-29T14:32:27.778+0700] {dagbag.py:540} INFO - Filling up the DagBag from /mnt/d/Programming/Vietnamese-Text-Generator/airflow_env/lib/python3.10/site-packages/airflow/example_dags/example_complex.py
[2024-04-29T14:32:27.925+0700] {processor.py:840} INFO - DAG(s) 'example_complex' retrieved from /mnt/d/Programming/Vietnamese-Text-Generator/airflow_env/lib/python3.10/site-packages/airflow/example_dags/example_complex.py
[2024-04-29T14:32:27.984+0700] {logging_mixin.py:188} INFO - [2024-04-29T14:32:27.983+0700] {dag.py:3096} INFO - Sync 1 DAGs
[2024-04-29T14:32:28.008+0700] {logging_mixin.py:188} INFO - [2024-04-29T14:32:28.006+0700] {dag.py:3954} INFO - Setting next_dagrun for example_complex to None, run_after=None
[2024-04-29T14:32:28.107+0700] {processor.py:183} INFO - Processing /mnt/d/Programming/Vietnamese-Text-Generator/airflow_env/lib/python3.10/site-packages/airflow/example_dags/example_complex.py took 0.394 seconds
[2024-04-29T14:34:45.104+0700] {processor.py:161} INFO - Started process (PID=21198) to work on /mnt/d/Programming/Vietnamese-Text-Generator/airflow_env/lib/python3.10/site-packages/airflow/example_dags/example_complex.py
[2024-04-29T14:34:45.107+0700] {processor.py:830} INFO - Processing file /mnt/d/Programming/Vietnamese-Text-Generator/airflow_env/lib/python3.10/site-packages/airflow/example_dags/example_complex.py for tasks to queue
[2024-04-29T14:34:45.111+0700] {logging_mixin.py:188} INFO - [2024-04-29T14:34:45.110+0700] {dagbag.py:540} INFO - Filling up the DagBag from /mnt/d/Programming/Vietnamese-Text-Generator/airflow_env/lib/python3.10/site-packages/airflow/example_dags/example_complex.py
[2024-04-29T14:34:45.149+0700] {processor.py:840} INFO - DAG(s) 'example_complex' retrieved from /mnt/d/Programming/Vietnamese-Text-Generator/airflow_env/lib/python3.10/site-packages/airflow/example_dags/example_complex.py
[2024-04-29T14:34:45.229+0700] {logging_mixin.py:188} INFO - [2024-04-29T14:34:45.227+0700] {dag.py:3096} INFO - Sync 1 DAGs
[2024-04-29T14:34:45.270+0700] {logging_mixin.py:188} INFO - [2024-04-29T14:34:45.267+0700] {dag.py:3954} INFO - Setting next_dagrun for example_complex to None, run_after=None
[2024-04-29T14:34:45.358+0700] {processor.py:183} INFO - Processing /mnt/d/Programming/Vietnamese-Text-Generator/airflow_env/lib/python3.10/site-packages/airflow/example_dags/example_complex.py took 0.282 seconds
[2024-04-29T14:36:57.807+0700] {processor.py:161} INFO - Started process (PID=21794) to work on /mnt/d/Programming/Vietnamese-Text-Generator/airflow_env/lib/python3.10/site-packages/airflow/example_dags/example_complex.py
[2024-04-29T14:36:57.816+0700] {processor.py:830} INFO - Processing file /mnt/d/Programming/Vietnamese-Text-Generator/airflow_env/lib/python3.10/site-packages/airflow/example_dags/example_complex.py for tasks to queue
[2024-04-29T14:36:57.825+0700] {logging_mixin.py:188} INFO - [2024-04-29T14:36:57.821+0700] {dagbag.py:540} INFO - Filling up the DagBag from /mnt/d/Programming/Vietnamese-Text-Generator/airflow_env/lib/python3.10/site-packages/airflow/example_dags/example_complex.py
[2024-04-29T14:36:57.957+0700] {processor.py:840} INFO - DAG(s) 'example_complex' retrieved from /mnt/d/Programming/Vietnamese-Text-Generator/airflow_env/lib/python3.10/site-packages/airflow/example_dags/example_complex.py
[2024-04-29T14:36:58.073+0700] {logging_mixin.py:188} INFO - [2024-04-29T14:36:58.072+0700] {dag.py:3096} INFO - Sync 1 DAGs
[2024-04-29T14:36:58.090+0700] {logging_mixin.py:188} INFO - [2024-04-29T14:36:58.089+0700] {dag.py:3954} INFO - Setting next_dagrun for example_complex to None, run_after=None
[2024-04-29T14:36:58.152+0700] {processor.py:183} INFO - Processing /mnt/d/Programming/Vietnamese-Text-Generator/airflow_env/lib/python3.10/site-packages/airflow/example_dags/example_complex.py took 0.395 seconds
[2024-04-29T14:39:15.616+0700] {processor.py:161} INFO - Started process (PID=22395) to work on /mnt/d/Programming/Vietnamese-Text-Generator/airflow_env/lib/python3.10/site-packages/airflow/example_dags/example_complex.py
[2024-04-29T14:39:15.620+0700] {processor.py:830} INFO - Processing file /mnt/d/Programming/Vietnamese-Text-Generator/airflow_env/lib/python3.10/site-packages/airflow/example_dags/example_complex.py for tasks to queue
[2024-04-29T14:39:15.626+0700] {logging_mixin.py:188} INFO - [2024-04-29T14:39:15.624+0700] {dagbag.py:540} INFO - Filling up the DagBag from /mnt/d/Programming/Vietnamese-Text-Generator/airflow_env/lib/python3.10/site-packages/airflow/example_dags/example_complex.py
[2024-04-29T14:39:15.681+0700] {processor.py:840} INFO - DAG(s) 'example_complex' retrieved from /mnt/d/Programming/Vietnamese-Text-Generator/airflow_env/lib/python3.10/site-packages/airflow/example_dags/example_complex.py
[2024-04-29T14:39:15.760+0700] {logging_mixin.py:188} INFO - [2024-04-29T14:39:15.758+0700] {dag.py:3096} INFO - Sync 1 DAGs
[2024-04-29T14:39:15.795+0700] {logging_mixin.py:188} INFO - [2024-04-29T14:39:15.793+0700] {dag.py:3954} INFO - Setting next_dagrun for example_complex to None, run_after=None
[2024-04-29T14:39:15.923+0700] {processor.py:183} INFO - Processing /mnt/d/Programming/Vietnamese-Text-Generator/airflow_env/lib/python3.10/site-packages/airflow/example_dags/example_complex.py took 0.347 seconds
[2024-04-29T14:41:33.041+0700] {processor.py:161} INFO - Started process (PID=22996) to work on /mnt/d/Programming/Vietnamese-Text-Generator/airflow_env/lib/python3.10/site-packages/airflow/example_dags/example_complex.py
[2024-04-29T14:41:33.043+0700] {processor.py:830} INFO - Processing file /mnt/d/Programming/Vietnamese-Text-Generator/airflow_env/lib/python3.10/site-packages/airflow/example_dags/example_complex.py for tasks to queue
[2024-04-29T14:41:33.046+0700] {logging_mixin.py:188} INFO - [2024-04-29T14:41:33.044+0700] {dagbag.py:540} INFO - Filling up the DagBag from /mnt/d/Programming/Vietnamese-Text-Generator/airflow_env/lib/python3.10/site-packages/airflow/example_dags/example_complex.py
[2024-04-29T14:41:33.075+0700] {processor.py:840} INFO - DAG(s) 'example_complex' retrieved from /mnt/d/Programming/Vietnamese-Text-Generator/airflow_env/lib/python3.10/site-packages/airflow/example_dags/example_complex.py
[2024-04-29T14:41:33.125+0700] {logging_mixin.py:188} INFO - [2024-04-29T14:41:33.124+0700] {dag.py:3096} INFO - Sync 1 DAGs
[2024-04-29T14:41:33.147+0700] {logging_mixin.py:188} INFO - [2024-04-29T14:41:33.147+0700] {dag.py:3954} INFO - Setting next_dagrun for example_complex to None, run_after=None
[2024-04-29T14:41:33.219+0700] {processor.py:183} INFO - Processing /mnt/d/Programming/Vietnamese-Text-Generator/airflow_env/lib/python3.10/site-packages/airflow/example_dags/example_complex.py took 0.199 seconds
[2024-04-29T14:43:38.065+0700] {processor.py:161} INFO - Started process (PID=23556) to work on /mnt/d/Programming/Vietnamese-Text-Generator/airflow_env/lib/python3.10/site-packages/airflow/example_dags/example_complex.py
[2024-04-29T14:43:38.068+0700] {processor.py:830} INFO - Processing file /mnt/d/Programming/Vietnamese-Text-Generator/airflow_env/lib/python3.10/site-packages/airflow/example_dags/example_complex.py for tasks to queue
[2024-04-29T14:43:38.071+0700] {logging_mixin.py:188} INFO - [2024-04-29T14:43:38.070+0700] {dagbag.py:540} INFO - Filling up the DagBag from /mnt/d/Programming/Vietnamese-Text-Generator/airflow_env/lib/python3.10/site-packages/airflow/example_dags/example_complex.py
[2024-04-29T14:43:38.111+0700] {processor.py:840} INFO - DAG(s) 'example_complex' retrieved from /mnt/d/Programming/Vietnamese-Text-Generator/airflow_env/lib/python3.10/site-packages/airflow/example_dags/example_complex.py
[2024-04-29T14:43:38.211+0700] {logging_mixin.py:188} INFO - [2024-04-29T14:43:38.209+0700] {dag.py:3096} INFO - Sync 1 DAGs
[2024-04-29T14:43:38.247+0700] {logging_mixin.py:188} INFO - [2024-04-29T14:43:38.245+0700] {dag.py:3954} INFO - Setting next_dagrun for example_complex to None, run_after=None
[2024-04-29T14:43:38.395+0700] {processor.py:183} INFO - Processing /mnt/d/Programming/Vietnamese-Text-Generator/airflow_env/lib/python3.10/site-packages/airflow/example_dags/example_complex.py took 0.358 seconds
[2024-04-29T14:46:01.442+0700] {processor.py:161} INFO - Started process (PID=24178) to work on /mnt/d/Programming/Vietnamese-Text-Generator/airflow_env/lib/python3.10/site-packages/airflow/example_dags/example_complex.py
[2024-04-29T14:46:01.450+0700] {processor.py:830} INFO - Processing file /mnt/d/Programming/Vietnamese-Text-Generator/airflow_env/lib/python3.10/site-packages/airflow/example_dags/example_complex.py for tasks to queue
[2024-04-29T14:46:01.461+0700] {logging_mixin.py:188} INFO - [2024-04-29T14:46:01.456+0700] {dagbag.py:540} INFO - Filling up the DagBag from /mnt/d/Programming/Vietnamese-Text-Generator/airflow_env/lib/python3.10/site-packages/airflow/example_dags/example_complex.py
[2024-04-29T14:46:01.579+0700] {processor.py:840} INFO - DAG(s) 'example_complex' retrieved from /mnt/d/Programming/Vietnamese-Text-Generator/airflow_env/lib/python3.10/site-packages/airflow/example_dags/example_complex.py
[2024-04-29T14:46:01.724+0700] {logging_mixin.py:188} INFO - [2024-04-29T14:46:01.721+0700] {dag.py:3096} INFO - Sync 1 DAGs
[2024-04-29T14:46:01.775+0700] {logging_mixin.py:188} INFO - [2024-04-29T14:46:01.772+0700] {dag.py:3954} INFO - Setting next_dagrun for example_complex to None, run_after=None
[2024-04-29T14:46:01.980+0700] {processor.py:183} INFO - Processing /mnt/d/Programming/Vietnamese-Text-Generator/airflow_env/lib/python3.10/site-packages/airflow/example_dags/example_complex.py took 0.592 seconds
[2024-04-29T14:48:13.776+0700] {processor.py:161} INFO - Started process (PID=24765) to work on /mnt/d/Programming/Vietnamese-Text-Generator/airflow_env/lib/python3.10/site-packages/airflow/example_dags/example_complex.py
[2024-04-29T14:48:13.778+0700] {processor.py:830} INFO - Processing file /mnt/d/Programming/Vietnamese-Text-Generator/airflow_env/lib/python3.10/site-packages/airflow/example_dags/example_complex.py for tasks to queue
[2024-04-29T14:48:13.781+0700] {logging_mixin.py:188} INFO - [2024-04-29T14:48:13.780+0700] {dagbag.py:540} INFO - Filling up the DagBag from /mnt/d/Programming/Vietnamese-Text-Generator/airflow_env/lib/python3.10/site-packages/airflow/example_dags/example_complex.py
[2024-04-29T14:48:13.816+0700] {processor.py:840} INFO - DAG(s) 'example_complex' retrieved from /mnt/d/Programming/Vietnamese-Text-Generator/airflow_env/lib/python3.10/site-packages/airflow/example_dags/example_complex.py
[2024-04-29T14:48:13.876+0700] {logging_mixin.py:188} INFO - [2024-04-29T14:48:13.875+0700] {dag.py:3096} INFO - Sync 1 DAGs
[2024-04-29T14:48:13.894+0700] {logging_mixin.py:188} INFO - [2024-04-29T14:48:13.893+0700] {dag.py:3954} INFO - Setting next_dagrun for example_complex to None, run_after=None
[2024-04-29T14:48:14.105+0700] {processor.py:183} INFO - Processing /mnt/d/Programming/Vietnamese-Text-Generator/airflow_env/lib/python3.10/site-packages/airflow/example_dags/example_complex.py took 0.346 seconds
[2024-04-29T14:49:47.624+0700] {processor.py:161} INFO - Started process (PID=25202) to work on /mnt/d/Programming/Vietnamese-Text-Generator/airflow_env/lib/python3.10/site-packages/airflow/example_dags/example_complex.py
[2024-04-29T14:49:47.627+0700] {processor.py:830} INFO - Processing file /mnt/d/Programming/Vietnamese-Text-Generator/airflow_env/lib/python3.10/site-packages/airflow/example_dags/example_complex.py for tasks to queue
[2024-04-29T14:49:47.631+0700] {logging_mixin.py:188} INFO - [2024-04-29T14:49:47.629+0700] {dagbag.py:540} INFO - Filling up the DagBag from /mnt/d/Programming/Vietnamese-Text-Generator/airflow_env/lib/python3.10/site-packages/airflow/example_dags/example_complex.py
[2024-04-29T14:49:47.663+0700] {processor.py:840} INFO - DAG(s) 'example_complex' retrieved from /mnt/d/Programming/Vietnamese-Text-Generator/airflow_env/lib/python3.10/site-packages/airflow/example_dags/example_complex.py
[2024-04-29T14:49:47.718+0700] {logging_mixin.py:188} INFO - [2024-04-29T14:49:47.716+0700] {dag.py:3096} INFO - Sync 1 DAGs
[2024-04-29T14:49:47.737+0700] {logging_mixin.py:188} INFO - [2024-04-29T14:49:47.735+0700] {dag.py:3954} INFO - Setting next_dagrun for example_complex to None, run_after=None
[2024-04-29T14:49:47.818+0700] {processor.py:183} INFO - Processing /mnt/d/Programming/Vietnamese-Text-Generator/airflow_env/lib/python3.10/site-packages/airflow/example_dags/example_complex.py took 0.210 seconds
[2024-04-29T14:51:06.277+0700] {processor.py:161} INFO - Started process (PID=25574) to work on /mnt/d/Programming/Vietnamese-Text-Generator/airflow_env/lib/python3.10/site-packages/airflow/example_dags/example_complex.py
[2024-04-29T14:51:06.280+0700] {processor.py:830} INFO - Processing file /mnt/d/Programming/Vietnamese-Text-Generator/airflow_env/lib/python3.10/site-packages/airflow/example_dags/example_complex.py for tasks to queue
[2024-04-29T14:51:06.283+0700] {logging_mixin.py:188} INFO - [2024-04-29T14:51:06.282+0700] {dagbag.py:540} INFO - Filling up the DagBag from /mnt/d/Programming/Vietnamese-Text-Generator/airflow_env/lib/python3.10/site-packages/airflow/example_dags/example_complex.py
[2024-04-29T14:51:06.309+0700] {processor.py:840} INFO - DAG(s) 'example_complex' retrieved from /mnt/d/Programming/Vietnamese-Text-Generator/airflow_env/lib/python3.10/site-packages/airflow/example_dags/example_complex.py
[2024-04-29T14:51:06.355+0700] {logging_mixin.py:188} INFO - [2024-04-29T14:51:06.354+0700] {dag.py:3096} INFO - Sync 1 DAGs
[2024-04-29T14:51:06.372+0700] {logging_mixin.py:188} INFO - [2024-04-29T14:51:06.371+0700] {dag.py:3954} INFO - Setting next_dagrun for example_complex to None, run_after=None
[2024-04-29T14:51:06.450+0700] {processor.py:183} INFO - Processing /mnt/d/Programming/Vietnamese-Text-Generator/airflow_env/lib/python3.10/site-packages/airflow/example_dags/example_complex.py took 0.187 seconds
[2024-04-29T14:52:27.842+0700] {processor.py:161} INFO - Started process (PID=25971) to work on /mnt/d/Programming/Vietnamese-Text-Generator/airflow_env/lib/python3.10/site-packages/airflow/example_dags/example_complex.py
[2024-04-29T14:52:27.844+0700] {processor.py:830} INFO - Processing file /mnt/d/Programming/Vietnamese-Text-Generator/airflow_env/lib/python3.10/site-packages/airflow/example_dags/example_complex.py for tasks to queue
[2024-04-29T14:52:27.846+0700] {logging_mixin.py:188} INFO - [2024-04-29T14:52:27.845+0700] {dagbag.py:540} INFO - Filling up the DagBag from /mnt/d/Programming/Vietnamese-Text-Generator/airflow_env/lib/python3.10/site-packages/airflow/example_dags/example_complex.py
[2024-04-29T14:52:27.868+0700] {processor.py:840} INFO - DAG(s) 'example_complex' retrieved from /mnt/d/Programming/Vietnamese-Text-Generator/airflow_env/lib/python3.10/site-packages/airflow/example_dags/example_complex.py
[2024-04-29T14:52:27.907+0700] {logging_mixin.py:188} INFO - [2024-04-29T14:52:27.906+0700] {dag.py:3096} INFO - Sync 1 DAGs
[2024-04-29T14:52:27.925+0700] {logging_mixin.py:188} INFO - [2024-04-29T14:52:27.924+0700] {dag.py:3954} INFO - Setting next_dagrun for example_complex to None, run_after=None
[2024-04-29T14:52:27.998+0700] {processor.py:183} INFO - Processing /mnt/d/Programming/Vietnamese-Text-Generator/airflow_env/lib/python3.10/site-packages/airflow/example_dags/example_complex.py took 0.280 seconds
[2024-04-29T14:53:50.153+0700] {processor.py:161} INFO - Started process (PID=26366) to work on /mnt/d/Programming/Vietnamese-Text-Generator/airflow_env/lib/python3.10/site-packages/airflow/example_dags/example_complex.py
[2024-04-29T14:53:50.156+0700] {processor.py:830} INFO - Processing file /mnt/d/Programming/Vietnamese-Text-Generator/airflow_env/lib/python3.10/site-packages/airflow/example_dags/example_complex.py for tasks to queue
[2024-04-29T14:53:50.158+0700] {logging_mixin.py:188} INFO - [2024-04-29T14:53:50.157+0700] {dagbag.py:540} INFO - Filling up the DagBag from /mnt/d/Programming/Vietnamese-Text-Generator/airflow_env/lib/python3.10/site-packages/airflow/example_dags/example_complex.py
[2024-04-29T14:53:50.193+0700] {processor.py:840} INFO - DAG(s) 'example_complex' retrieved from /mnt/d/Programming/Vietnamese-Text-Generator/airflow_env/lib/python3.10/site-packages/airflow/example_dags/example_complex.py
[2024-04-29T14:53:50.243+0700] {logging_mixin.py:188} INFO - [2024-04-29T14:53:50.242+0700] {dag.py:3096} INFO - Sync 1 DAGs
[2024-04-29T14:53:50.257+0700] {logging_mixin.py:188} INFO - [2024-04-29T14:53:50.256+0700] {dag.py:3954} INFO - Setting next_dagrun for example_complex to None, run_after=None
[2024-04-29T14:53:50.349+0700] {processor.py:183} INFO - Processing /mnt/d/Programming/Vietnamese-Text-Generator/airflow_env/lib/python3.10/site-packages/airflow/example_dags/example_complex.py took 0.220 seconds
[2024-04-29T14:55:11.748+0700] {processor.py:161} INFO - Started process (PID=26760) to work on /mnt/d/Programming/Vietnamese-Text-Generator/airflow_env/lib/python3.10/site-packages/airflow/example_dags/example_complex.py
[2024-04-29T14:55:11.750+0700] {processor.py:830} INFO - Processing file /mnt/d/Programming/Vietnamese-Text-Generator/airflow_env/lib/python3.10/site-packages/airflow/example_dags/example_complex.py for tasks to queue
[2024-04-29T14:55:11.752+0700] {logging_mixin.py:188} INFO - [2024-04-29T14:55:11.751+0700] {dagbag.py:540} INFO - Filling up the DagBag from /mnt/d/Programming/Vietnamese-Text-Generator/airflow_env/lib/python3.10/site-packages/airflow/example_dags/example_complex.py
[2024-04-29T14:55:11.775+0700] {processor.py:840} INFO - DAG(s) 'example_complex' retrieved from /mnt/d/Programming/Vietnamese-Text-Generator/airflow_env/lib/python3.10/site-packages/airflow/example_dags/example_complex.py
[2024-04-29T14:55:11.819+0700] {logging_mixin.py:188} INFO - [2024-04-29T14:55:11.818+0700] {dag.py:3096} INFO - Sync 1 DAGs
[2024-04-29T14:55:11.839+0700] {logging_mixin.py:188} INFO - [2024-04-29T14:55:11.838+0700] {dag.py:3954} INFO - Setting next_dagrun for example_complex to None, run_after=None
[2024-04-29T14:55:11.904+0700] {processor.py:183} INFO - Processing /mnt/d/Programming/Vietnamese-Text-Generator/airflow_env/lib/python3.10/site-packages/airflow/example_dags/example_complex.py took 0.172 seconds
[2024-04-29T14:56:32.151+0700] {processor.py:161} INFO - Started process (PID=27138) to work on /mnt/d/Programming/Vietnamese-Text-Generator/airflow_env/lib/python3.10/site-packages/airflow/example_dags/example_complex.py
[2024-04-29T14:56:32.153+0700] {processor.py:830} INFO - Processing file /mnt/d/Programming/Vietnamese-Text-Generator/airflow_env/lib/python3.10/site-packages/airflow/example_dags/example_complex.py for tasks to queue
[2024-04-29T14:56:32.157+0700] {logging_mixin.py:188} INFO - [2024-04-29T14:56:32.155+0700] {dagbag.py:540} INFO - Filling up the DagBag from /mnt/d/Programming/Vietnamese-Text-Generator/airflow_env/lib/python3.10/site-packages/airflow/example_dags/example_complex.py
[2024-04-29T14:56:32.182+0700] {processor.py:840} INFO - DAG(s) 'example_complex' retrieved from /mnt/d/Programming/Vietnamese-Text-Generator/airflow_env/lib/python3.10/site-packages/airflow/example_dags/example_complex.py
[2024-04-29T14:56:32.227+0700] {logging_mixin.py:188} INFO - [2024-04-29T14:56:32.226+0700] {dag.py:3096} INFO - Sync 1 DAGs
[2024-04-29T14:56:32.245+0700] {logging_mixin.py:188} INFO - [2024-04-29T14:56:32.243+0700] {dag.py:3954} INFO - Setting next_dagrun for example_complex to None, run_after=None
[2024-04-29T14:56:32.324+0700] {processor.py:183} INFO - Processing /mnt/d/Programming/Vietnamese-Text-Generator/airflow_env/lib/python3.10/site-packages/airflow/example_dags/example_complex.py took 0.192 seconds
[2024-04-29T14:57:47.471+0700] {processor.py:161} INFO - Started process (PID=27494) to work on /mnt/d/Programming/Vietnamese-Text-Generator/airflow_env/lib/python3.10/site-packages/airflow/example_dags/example_complex.py
[2024-04-29T14:57:47.479+0700] {processor.py:830} INFO - Processing file /mnt/d/Programming/Vietnamese-Text-Generator/airflow_env/lib/python3.10/site-packages/airflow/example_dags/example_complex.py for tasks to queue
[2024-04-29T14:57:47.484+0700] {logging_mixin.py:188} INFO - [2024-04-29T14:57:47.482+0700] {dagbag.py:540} INFO - Filling up the DagBag from /mnt/d/Programming/Vietnamese-Text-Generator/airflow_env/lib/python3.10/site-packages/airflow/example_dags/example_complex.py
[2024-04-29T14:57:47.533+0700] {processor.py:840} INFO - DAG(s) 'example_complex' retrieved from /mnt/d/Programming/Vietnamese-Text-Generator/airflow_env/lib/python3.10/site-packages/airflow/example_dags/example_complex.py
[2024-04-29T14:57:47.625+0700] {logging_mixin.py:188} INFO - [2024-04-29T14:57:47.624+0700] {dag.py:3096} INFO - Sync 1 DAGs
[2024-04-29T14:57:47.654+0700] {logging_mixin.py:188} INFO - [2024-04-29T14:57:47.653+0700] {dag.py:3954} INFO - Setting next_dagrun for example_complex to None, run_after=None
[2024-04-29T14:57:47.739+0700] {processor.py:183} INFO - Processing /mnt/d/Programming/Vietnamese-Text-Generator/airflow_env/lib/python3.10/site-packages/airflow/example_dags/example_complex.py took 0.306 seconds
[2024-04-29T14:59:01.258+0700] {processor.py:161} INFO - Started process (PID=27844) to work on /mnt/d/Programming/Vietnamese-Text-Generator/airflow_env/lib/python3.10/site-packages/airflow/example_dags/example_complex.py
[2024-04-29T14:59:01.260+0700] {processor.py:830} INFO - Processing file /mnt/d/Programming/Vietnamese-Text-Generator/airflow_env/lib/python3.10/site-packages/airflow/example_dags/example_complex.py for tasks to queue
[2024-04-29T14:59:01.263+0700] {logging_mixin.py:188} INFO - [2024-04-29T14:59:01.262+0700] {dagbag.py:540} INFO - Filling up the DagBag from /mnt/d/Programming/Vietnamese-Text-Generator/airflow_env/lib/python3.10/site-packages/airflow/example_dags/example_complex.py
[2024-04-29T14:59:01.288+0700] {processor.py:840} INFO - DAG(s) 'example_complex' retrieved from /mnt/d/Programming/Vietnamese-Text-Generator/airflow_env/lib/python3.10/site-packages/airflow/example_dags/example_complex.py
[2024-04-29T14:59:01.331+0700] {logging_mixin.py:188} INFO - [2024-04-29T14:59:01.330+0700] {dag.py:3096} INFO - Sync 1 DAGs
[2024-04-29T14:59:01.347+0700] {logging_mixin.py:188} INFO - [2024-04-29T14:59:01.346+0700] {dag.py:3954} INFO - Setting next_dagrun for example_complex to None, run_after=None
[2024-04-29T14:59:01.419+0700] {processor.py:183} INFO - Processing /mnt/d/Programming/Vietnamese-Text-Generator/airflow_env/lib/python3.10/site-packages/airflow/example_dags/example_complex.py took 0.179 seconds
[2024-04-29T15:00:19.592+0700] {processor.py:161} INFO - Started process (PID=28211) to work on /mnt/d/Programming/Vietnamese-Text-Generator/airflow_env/lib/python3.10/site-packages/airflow/example_dags/example_complex.py
[2024-04-29T15:00:19.595+0700] {processor.py:830} INFO - Processing file /mnt/d/Programming/Vietnamese-Text-Generator/airflow_env/lib/python3.10/site-packages/airflow/example_dags/example_complex.py for tasks to queue
[2024-04-29T15:00:19.598+0700] {logging_mixin.py:188} INFO - [2024-04-29T15:00:19.597+0700] {dagbag.py:540} INFO - Filling up the DagBag from /mnt/d/Programming/Vietnamese-Text-Generator/airflow_env/lib/python3.10/site-packages/airflow/example_dags/example_complex.py
[2024-04-29T15:00:19.624+0700] {processor.py:840} INFO - DAG(s) 'example_complex' retrieved from /mnt/d/Programming/Vietnamese-Text-Generator/airflow_env/lib/python3.10/site-packages/airflow/example_dags/example_complex.py
[2024-04-29T15:00:19.673+0700] {logging_mixin.py:188} INFO - [2024-04-29T15:00:19.671+0700] {dag.py:3096} INFO - Sync 1 DAGs
[2024-04-29T15:00:19.697+0700] {logging_mixin.py:188} INFO - [2024-04-29T15:00:19.696+0700] {dag.py:3954} INFO - Setting next_dagrun for example_complex to None, run_after=None
[2024-04-29T15:00:19.785+0700] {processor.py:183} INFO - Processing /mnt/d/Programming/Vietnamese-Text-Generator/airflow_env/lib/python3.10/site-packages/airflow/example_dags/example_complex.py took 0.218 seconds
[2024-04-29T15:01:37.798+0700] {processor.py:161} INFO - Started process (PID=28575) to work on /mnt/d/Programming/Vietnamese-Text-Generator/airflow_env/lib/python3.10/site-packages/airflow/example_dags/example_complex.py
[2024-04-29T15:01:37.801+0700] {processor.py:830} INFO - Processing file /mnt/d/Programming/Vietnamese-Text-Generator/airflow_env/lib/python3.10/site-packages/airflow/example_dags/example_complex.py for tasks to queue
[2024-04-29T15:01:37.804+0700] {logging_mixin.py:188} INFO - [2024-04-29T15:01:37.803+0700] {dagbag.py:540} INFO - Filling up the DagBag from /mnt/d/Programming/Vietnamese-Text-Generator/airflow_env/lib/python3.10/site-packages/airflow/example_dags/example_complex.py
[2024-04-29T15:01:37.837+0700] {processor.py:840} INFO - DAG(s) 'example_complex' retrieved from /mnt/d/Programming/Vietnamese-Text-Generator/airflow_env/lib/python3.10/site-packages/airflow/example_dags/example_complex.py
[2024-04-29T15:01:37.887+0700] {logging_mixin.py:188} INFO - [2024-04-29T15:01:37.886+0700] {dag.py:3096} INFO - Sync 1 DAGs
[2024-04-29T15:01:37.906+0700] {logging_mixin.py:188} INFO - [2024-04-29T15:01:37.905+0700] {dag.py:3954} INFO - Setting next_dagrun for example_complex to None, run_after=None
[2024-04-29T15:01:37.992+0700] {processor.py:183} INFO - Processing /mnt/d/Programming/Vietnamese-Text-Generator/airflow_env/lib/python3.10/site-packages/airflow/example_dags/example_complex.py took 0.216 seconds
[2024-04-29T15:02:58.050+0700] {processor.py:161} INFO - Started process (PID=28955) to work on /mnt/d/Programming/Vietnamese-Text-Generator/airflow_env/lib/python3.10/site-packages/airflow/example_dags/example_complex.py
[2024-04-29T15:02:58.052+0700] {processor.py:830} INFO - Processing file /mnt/d/Programming/Vietnamese-Text-Generator/airflow_env/lib/python3.10/site-packages/airflow/example_dags/example_complex.py for tasks to queue
[2024-04-29T15:02:58.055+0700] {logging_mixin.py:188} INFO - [2024-04-29T15:02:58.054+0700] {dagbag.py:540} INFO - Filling up the DagBag from /mnt/d/Programming/Vietnamese-Text-Generator/airflow_env/lib/python3.10/site-packages/airflow/example_dags/example_complex.py
[2024-04-29T15:02:58.078+0700] {processor.py:840} INFO - DAG(s) 'example_complex' retrieved from /mnt/d/Programming/Vietnamese-Text-Generator/airflow_env/lib/python3.10/site-packages/airflow/example_dags/example_complex.py
[2024-04-29T15:02:58.124+0700] {logging_mixin.py:188} INFO - [2024-04-29T15:02:58.122+0700] {dag.py:3096} INFO - Sync 1 DAGs
[2024-04-29T15:02:58.140+0700] {logging_mixin.py:188} INFO - [2024-04-29T15:02:58.138+0700] {dag.py:3954} INFO - Setting next_dagrun for example_complex to None, run_after=None
[2024-04-29T15:02:58.207+0700] {processor.py:183} INFO - Processing /mnt/d/Programming/Vietnamese-Text-Generator/airflow_env/lib/python3.10/site-packages/airflow/example_dags/example_complex.py took 0.179 seconds
[2024-04-29T15:04:31.820+0700] {processor.py:161} INFO - Started process (PID=29389) to work on /mnt/d/Programming/Vietnamese-Text-Generator/airflow_env/lib/python3.10/site-packages/airflow/example_dags/example_complex.py
[2024-04-29T15:04:31.823+0700] {processor.py:830} INFO - Processing file /mnt/d/Programming/Vietnamese-Text-Generator/airflow_env/lib/python3.10/site-packages/airflow/example_dags/example_complex.py for tasks to queue
[2024-04-29T15:04:31.826+0700] {logging_mixin.py:188} INFO - [2024-04-29T15:04:31.825+0700] {dagbag.py:540} INFO - Filling up the DagBag from /mnt/d/Programming/Vietnamese-Text-Generator/airflow_env/lib/python3.10/site-packages/airflow/example_dags/example_complex.py
[2024-04-29T15:04:31.851+0700] {processor.py:840} INFO - DAG(s) 'example_complex' retrieved from /mnt/d/Programming/Vietnamese-Text-Generator/airflow_env/lib/python3.10/site-packages/airflow/example_dags/example_complex.py
[2024-04-29T15:04:31.896+0700] {logging_mixin.py:188} INFO - [2024-04-29T15:04:31.895+0700] {dag.py:3096} INFO - Sync 1 DAGs
[2024-04-29T15:04:31.912+0700] {logging_mixin.py:188} INFO - [2024-04-29T15:04:31.911+0700] {dag.py:3954} INFO - Setting next_dagrun for example_complex to None, run_after=None
[2024-04-29T15:04:31.975+0700] {processor.py:183} INFO - Processing /mnt/d/Programming/Vietnamese-Text-Generator/airflow_env/lib/python3.10/site-packages/airflow/example_dags/example_complex.py took 0.175 seconds
[2024-04-29T15:05:58.672+0700] {processor.py:161} INFO - Started process (PID=30286) to work on /mnt/d/Programming/Vietnamese-Text-Generator/airflow_env/lib/python3.10/site-packages/airflow/example_dags/example_complex.py
[2024-04-29T15:05:58.675+0700] {processor.py:830} INFO - Processing file /mnt/d/Programming/Vietnamese-Text-Generator/airflow_env/lib/python3.10/site-packages/airflow/example_dags/example_complex.py for tasks to queue
[2024-04-29T15:05:58.679+0700] {logging_mixin.py:188} INFO - [2024-04-29T15:05:58.677+0700] {dagbag.py:540} INFO - Filling up the DagBag from /mnt/d/Programming/Vietnamese-Text-Generator/airflow_env/lib/python3.10/site-packages/airflow/example_dags/example_complex.py
[2024-04-29T15:05:58.718+0700] {processor.py:840} INFO - DAG(s) 'example_complex' retrieved from /mnt/d/Programming/Vietnamese-Text-Generator/airflow_env/lib/python3.10/site-packages/airflow/example_dags/example_complex.py
[2024-04-29T15:05:58.770+0700] {logging_mixin.py:188} INFO - [2024-04-29T15:05:58.769+0700] {dag.py:3096} INFO - Sync 1 DAGs
[2024-04-29T15:05:58.792+0700] {logging_mixin.py:188} INFO - [2024-04-29T15:05:58.791+0700] {dag.py:3954} INFO - Setting next_dagrun for example_complex to None, run_after=None
[2024-04-29T15:05:58.891+0700] {processor.py:183} INFO - Processing /mnt/d/Programming/Vietnamese-Text-Generator/airflow_env/lib/python3.10/site-packages/airflow/example_dags/example_complex.py took 0.243 seconds
[2024-04-29T15:07:12.552+0700] {processor.py:161} INFO - Started process (PID=30747) to work on /mnt/d/Programming/Vietnamese-Text-Generator/airflow_env/lib/python3.10/site-packages/airflow/example_dags/example_complex.py
[2024-04-29T15:07:12.554+0700] {processor.py:830} INFO - Processing file /mnt/d/Programming/Vietnamese-Text-Generator/airflow_env/lib/python3.10/site-packages/airflow/example_dags/example_complex.py for tasks to queue
[2024-04-29T15:07:12.558+0700] {logging_mixin.py:188} INFO - [2024-04-29T15:07:12.556+0700] {dagbag.py:540} INFO - Filling up the DagBag from /mnt/d/Programming/Vietnamese-Text-Generator/airflow_env/lib/python3.10/site-packages/airflow/example_dags/example_complex.py
[2024-04-29T15:07:12.582+0700] {processor.py:840} INFO - DAG(s) 'example_complex' retrieved from /mnt/d/Programming/Vietnamese-Text-Generator/airflow_env/lib/python3.10/site-packages/airflow/example_dags/example_complex.py
[2024-04-29T15:07:12.630+0700] {logging_mixin.py:188} INFO - [2024-04-29T15:07:12.628+0700] {dag.py:3096} INFO - Sync 1 DAGs
[2024-04-29T15:07:12.648+0700] {logging_mixin.py:188} INFO - [2024-04-29T15:07:12.646+0700] {dag.py:3954} INFO - Setting next_dagrun for example_complex to None, run_after=None
[2024-04-29T15:07:12.726+0700] {processor.py:183} INFO - Processing /mnt/d/Programming/Vietnamese-Text-Generator/airflow_env/lib/python3.10/site-packages/airflow/example_dags/example_complex.py took 0.194 seconds
[2024-04-29T15:15:47.324+0700] {processor.py:161} INFO - Started process (PID=32859) to work on /mnt/d/Programming/Vietnamese-Text-Generator/airflow_env/lib/python3.10/site-packages/airflow/example_dags/example_complex.py
[2024-04-29T15:15:47.326+0700] {processor.py:830} INFO - Processing file /mnt/d/Programming/Vietnamese-Text-Generator/airflow_env/lib/python3.10/site-packages/airflow/example_dags/example_complex.py for tasks to queue
[2024-04-29T15:15:47.330+0700] {logging_mixin.py:188} INFO - [2024-04-29T15:15:47.328+0700] {dagbag.py:540} INFO - Filling up the DagBag from /mnt/d/Programming/Vietnamese-Text-Generator/airflow_env/lib/python3.10/site-packages/airflow/example_dags/example_complex.py
[2024-04-29T15:15:47.371+0700] {processor.py:840} INFO - DAG(s) 'example_complex' retrieved from /mnt/d/Programming/Vietnamese-Text-Generator/airflow_env/lib/python3.10/site-packages/airflow/example_dags/example_complex.py
[2024-04-29T15:15:47.446+0700] {logging_mixin.py:188} INFO - [2024-04-29T15:15:47.445+0700] {dag.py:3096} INFO - Sync 1 DAGs
[2024-04-29T15:15:47.476+0700] {logging_mixin.py:188} INFO - [2024-04-29T15:15:47.475+0700] {dag.py:3954} INFO - Setting next_dagrun for example_complex to None, run_after=None
[2024-04-29T15:15:47.550+0700] {processor.py:183} INFO - Processing /mnt/d/Programming/Vietnamese-Text-Generator/airflow_env/lib/python3.10/site-packages/airflow/example_dags/example_complex.py took 0.242 seconds
[2024-04-29T15:17:10.558+0700] {processor.py:161} INFO - Started process (PID=33277) to work on /mnt/d/Programming/Vietnamese-Text-Generator/airflow_env/lib/python3.10/site-packages/airflow/example_dags/example_complex.py
[2024-04-29T15:17:10.561+0700] {processor.py:830} INFO - Processing file /mnt/d/Programming/Vietnamese-Text-Generator/airflow_env/lib/python3.10/site-packages/airflow/example_dags/example_complex.py for tasks to queue
[2024-04-29T15:17:10.564+0700] {logging_mixin.py:188} INFO - [2024-04-29T15:17:10.563+0700] {dagbag.py:540} INFO - Filling up the DagBag from /mnt/d/Programming/Vietnamese-Text-Generator/airflow_env/lib/python3.10/site-packages/airflow/example_dags/example_complex.py
[2024-04-29T15:17:10.598+0700] {processor.py:840} INFO - DAG(s) 'example_complex' retrieved from /mnt/d/Programming/Vietnamese-Text-Generator/airflow_env/lib/python3.10/site-packages/airflow/example_dags/example_complex.py
[2024-04-29T15:17:10.655+0700] {logging_mixin.py:188} INFO - [2024-04-29T15:17:10.655+0700] {dag.py:3096} INFO - Sync 1 DAGs
[2024-04-29T15:17:10.670+0700] {logging_mixin.py:188} INFO - [2024-04-29T15:17:10.669+0700] {dag.py:3954} INFO - Setting next_dagrun for example_complex to None, run_after=None
[2024-04-29T15:17:10.730+0700] {processor.py:183} INFO - Processing /mnt/d/Programming/Vietnamese-Text-Generator/airflow_env/lib/python3.10/site-packages/airflow/example_dags/example_complex.py took 0.188 seconds
[2024-04-29T15:18:32.066+0700] {processor.py:161} INFO - Started process (PID=33658) to work on /mnt/d/Programming/Vietnamese-Text-Generator/airflow_env/lib/python3.10/site-packages/airflow/example_dags/example_complex.py
[2024-04-29T15:18:32.069+0700] {processor.py:830} INFO - Processing file /mnt/d/Programming/Vietnamese-Text-Generator/airflow_env/lib/python3.10/site-packages/airflow/example_dags/example_complex.py for tasks to queue
[2024-04-29T15:18:32.072+0700] {logging_mixin.py:188} INFO - [2024-04-29T15:18:32.071+0700] {dagbag.py:540} INFO - Filling up the DagBag from /mnt/d/Programming/Vietnamese-Text-Generator/airflow_env/lib/python3.10/site-packages/airflow/example_dags/example_complex.py
[2024-04-29T15:18:32.098+0700] {processor.py:840} INFO - DAG(s) 'example_complex' retrieved from /mnt/d/Programming/Vietnamese-Text-Generator/airflow_env/lib/python3.10/site-packages/airflow/example_dags/example_complex.py
[2024-04-29T15:18:32.142+0700] {logging_mixin.py:188} INFO - [2024-04-29T15:18:32.141+0700] {dag.py:3096} INFO - Sync 1 DAGs
[2024-04-29T15:18:32.158+0700] {logging_mixin.py:188} INFO - [2024-04-29T15:18:32.157+0700] {dag.py:3954} INFO - Setting next_dagrun for example_complex to None, run_after=None
[2024-04-29T15:18:32.225+0700] {processor.py:183} INFO - Processing /mnt/d/Programming/Vietnamese-Text-Generator/airflow_env/lib/python3.10/site-packages/airflow/example_dags/example_complex.py took 0.173 seconds
[2024-04-29T15:19:49.518+0700] {processor.py:161} INFO - Started process (PID=34020) to work on /mnt/d/Programming/Vietnamese-Text-Generator/airflow_env/lib/python3.10/site-packages/airflow/example_dags/example_complex.py
[2024-04-29T15:19:49.520+0700] {processor.py:830} INFO - Processing file /mnt/d/Programming/Vietnamese-Text-Generator/airflow_env/lib/python3.10/site-packages/airflow/example_dags/example_complex.py for tasks to queue
[2024-04-29T15:19:49.523+0700] {logging_mixin.py:188} INFO - [2024-04-29T15:19:49.522+0700] {dagbag.py:540} INFO - Filling up the DagBag from /mnt/d/Programming/Vietnamese-Text-Generator/airflow_env/lib/python3.10/site-packages/airflow/example_dags/example_complex.py
[2024-04-29T15:19:49.549+0700] {processor.py:840} INFO - DAG(s) 'example_complex' retrieved from /mnt/d/Programming/Vietnamese-Text-Generator/airflow_env/lib/python3.10/site-packages/airflow/example_dags/example_complex.py
[2024-04-29T15:19:49.599+0700] {logging_mixin.py:188} INFO - [2024-04-29T15:19:49.597+0700] {dag.py:3096} INFO - Sync 1 DAGs
[2024-04-29T15:19:49.632+0700] {logging_mixin.py:188} INFO - [2024-04-29T15:19:49.630+0700] {dag.py:3954} INFO - Setting next_dagrun for example_complex to None, run_after=None
[2024-04-29T15:19:49.706+0700] {processor.py:183} INFO - Processing /mnt/d/Programming/Vietnamese-Text-Generator/airflow_env/lib/python3.10/site-packages/airflow/example_dags/example_complex.py took 0.201 seconds
[2024-04-29T15:21:08.837+0700] {processor.py:161} INFO - Started process (PID=34390) to work on /mnt/d/Programming/Vietnamese-Text-Generator/airflow_env/lib/python3.10/site-packages/airflow/example_dags/example_complex.py
[2024-04-29T15:21:08.839+0700] {processor.py:830} INFO - Processing file /mnt/d/Programming/Vietnamese-Text-Generator/airflow_env/lib/python3.10/site-packages/airflow/example_dags/example_complex.py for tasks to queue
[2024-04-29T15:21:08.843+0700] {logging_mixin.py:188} INFO - [2024-04-29T15:21:08.841+0700] {dagbag.py:540} INFO - Filling up the DagBag from /mnt/d/Programming/Vietnamese-Text-Generator/airflow_env/lib/python3.10/site-packages/airflow/example_dags/example_complex.py
[2024-04-29T15:21:08.872+0700] {processor.py:840} INFO - DAG(s) 'example_complex' retrieved from /mnt/d/Programming/Vietnamese-Text-Generator/airflow_env/lib/python3.10/site-packages/airflow/example_dags/example_complex.py
[2024-04-29T15:21:08.911+0700] {logging_mixin.py:188} INFO - [2024-04-29T15:21:08.910+0700] {dag.py:3096} INFO - Sync 1 DAGs
[2024-04-29T15:21:08.928+0700] {logging_mixin.py:188} INFO - [2024-04-29T15:21:08.927+0700] {dag.py:3954} INFO - Setting next_dagrun for example_complex to None, run_after=None
[2024-04-29T15:21:09.007+0700] {processor.py:183} INFO - Processing /mnt/d/Programming/Vietnamese-Text-Generator/airflow_env/lib/python3.10/site-packages/airflow/example_dags/example_complex.py took 0.188 seconds
[2024-04-29T15:22:25.541+0700] {processor.py:161} INFO - Started process (PID=34749) to work on /mnt/d/Programming/Vietnamese-Text-Generator/airflow_env/lib/python3.10/site-packages/airflow/example_dags/example_complex.py
[2024-04-29T15:22:25.543+0700] {processor.py:830} INFO - Processing file /mnt/d/Programming/Vietnamese-Text-Generator/airflow_env/lib/python3.10/site-packages/airflow/example_dags/example_complex.py for tasks to queue
[2024-04-29T15:22:25.547+0700] {logging_mixin.py:188} INFO - [2024-04-29T15:22:25.545+0700] {dagbag.py:540} INFO - Filling up the DagBag from /mnt/d/Programming/Vietnamese-Text-Generator/airflow_env/lib/python3.10/site-packages/airflow/example_dags/example_complex.py
[2024-04-29T15:22:25.572+0700] {processor.py:840} INFO - DAG(s) 'example_complex' retrieved from /mnt/d/Programming/Vietnamese-Text-Generator/airflow_env/lib/python3.10/site-packages/airflow/example_dags/example_complex.py
[2024-04-29T15:22:25.632+0700] {logging_mixin.py:188} INFO - [2024-04-29T15:22:25.631+0700] {dag.py:3096} INFO - Sync 1 DAGs
[2024-04-29T15:22:25.647+0700] {logging_mixin.py:188} INFO - [2024-04-29T15:22:25.646+0700] {dag.py:3954} INFO - Setting next_dagrun for example_complex to None, run_after=None
[2024-04-29T15:22:25.700+0700] {processor.py:183} INFO - Processing /mnt/d/Programming/Vietnamese-Text-Generator/airflow_env/lib/python3.10/site-packages/airflow/example_dags/example_complex.py took 0.172 seconds
[2024-04-29T15:23:48.692+0700] {processor.py:161} INFO - Started process (PID=35133) to work on /mnt/d/Programming/Vietnamese-Text-Generator/airflow_env/lib/python3.10/site-packages/airflow/example_dags/example_complex.py
[2024-04-29T15:23:48.695+0700] {processor.py:830} INFO - Processing file /mnt/d/Programming/Vietnamese-Text-Generator/airflow_env/lib/python3.10/site-packages/airflow/example_dags/example_complex.py for tasks to queue
[2024-04-29T15:23:48.698+0700] {logging_mixin.py:188} INFO - [2024-04-29T15:23:48.697+0700] {dagbag.py:540} INFO - Filling up the DagBag from /mnt/d/Programming/Vietnamese-Text-Generator/airflow_env/lib/python3.10/site-packages/airflow/example_dags/example_complex.py
[2024-04-29T15:23:48.726+0700] {processor.py:840} INFO - DAG(s) 'example_complex' retrieved from /mnt/d/Programming/Vietnamese-Text-Generator/airflow_env/lib/python3.10/site-packages/airflow/example_dags/example_complex.py
[2024-04-29T15:23:48.771+0700] {logging_mixin.py:188} INFO - [2024-04-29T15:23:48.769+0700] {dag.py:3096} INFO - Sync 1 DAGs
[2024-04-29T15:23:48.786+0700] {logging_mixin.py:188} INFO - [2024-04-29T15:23:48.785+0700] {dag.py:3954} INFO - Setting next_dagrun for example_complex to None, run_after=None
[2024-04-29T15:23:48.850+0700] {processor.py:183} INFO - Processing /mnt/d/Programming/Vietnamese-Text-Generator/airflow_env/lib/python3.10/site-packages/airflow/example_dags/example_complex.py took 0.172 seconds
[2024-04-29T15:25:05.287+0700] {processor.py:161} INFO - Started process (PID=35495) to work on /mnt/d/Programming/Vietnamese-Text-Generator/airflow_env/lib/python3.10/site-packages/airflow/example_dags/example_complex.py
[2024-04-29T15:25:05.289+0700] {processor.py:830} INFO - Processing file /mnt/d/Programming/Vietnamese-Text-Generator/airflow_env/lib/python3.10/site-packages/airflow/example_dags/example_complex.py for tasks to queue
[2024-04-29T15:25:05.293+0700] {logging_mixin.py:188} INFO - [2024-04-29T15:25:05.291+0700] {dagbag.py:540} INFO - Filling up the DagBag from /mnt/d/Programming/Vietnamese-Text-Generator/airflow_env/lib/python3.10/site-packages/airflow/example_dags/example_complex.py
[2024-04-29T15:25:05.344+0700] {processor.py:840} INFO - DAG(s) 'example_complex' retrieved from /mnt/d/Programming/Vietnamese-Text-Generator/airflow_env/lib/python3.10/site-packages/airflow/example_dags/example_complex.py
[2024-04-29T15:25:05.406+0700] {logging_mixin.py:188} INFO - [2024-04-29T15:25:05.405+0700] {dag.py:3096} INFO - Sync 1 DAGs
[2024-04-29T15:25:05.423+0700] {logging_mixin.py:188} INFO - [2024-04-29T15:25:05.423+0700] {dag.py:3954} INFO - Setting next_dagrun for example_complex to None, run_after=None
[2024-04-29T15:25:05.481+0700] {processor.py:183} INFO - Processing /mnt/d/Programming/Vietnamese-Text-Generator/airflow_env/lib/python3.10/site-packages/airflow/example_dags/example_complex.py took 0.210 seconds
[2024-04-29T15:26:22.110+0700] {processor.py:161} INFO - Started process (PID=35856) to work on /mnt/d/Programming/Vietnamese-Text-Generator/airflow_env/lib/python3.10/site-packages/airflow/example_dags/example_complex.py
[2024-04-29T15:26:22.112+0700] {processor.py:830} INFO - Processing file /mnt/d/Programming/Vietnamese-Text-Generator/airflow_env/lib/python3.10/site-packages/airflow/example_dags/example_complex.py for tasks to queue
[2024-04-29T15:26:22.115+0700] {logging_mixin.py:188} INFO - [2024-04-29T15:26:22.114+0700] {dagbag.py:540} INFO - Filling up the DagBag from /mnt/d/Programming/Vietnamese-Text-Generator/airflow_env/lib/python3.10/site-packages/airflow/example_dags/example_complex.py
[2024-04-29T15:26:22.139+0700] {processor.py:840} INFO - DAG(s) 'example_complex' retrieved from /mnt/d/Programming/Vietnamese-Text-Generator/airflow_env/lib/python3.10/site-packages/airflow/example_dags/example_complex.py
[2024-04-29T15:26:22.183+0700] {logging_mixin.py:188} INFO - [2024-04-29T15:26:22.182+0700] {dag.py:3096} INFO - Sync 1 DAGs
[2024-04-29T15:26:22.199+0700] {logging_mixin.py:188} INFO - [2024-04-29T15:26:22.198+0700] {dag.py:3954} INFO - Setting next_dagrun for example_complex to None, run_after=None
[2024-04-29T15:26:22.269+0700] {processor.py:183} INFO - Processing /mnt/d/Programming/Vietnamese-Text-Generator/airflow_env/lib/python3.10/site-packages/airflow/example_dags/example_complex.py took 0.173 seconds
[2024-04-29T15:27:32.591+0700] {processor.py:161} INFO - Started process (PID=36186) to work on /mnt/d/Programming/Vietnamese-Text-Generator/airflow_env/lib/python3.10/site-packages/airflow/example_dags/example_complex.py
[2024-04-29T15:27:32.593+0700] {processor.py:830} INFO - Processing file /mnt/d/Programming/Vietnamese-Text-Generator/airflow_env/lib/python3.10/site-packages/airflow/example_dags/example_complex.py for tasks to queue
[2024-04-29T15:27:32.596+0700] {logging_mixin.py:188} INFO - [2024-04-29T15:27:32.595+0700] {dagbag.py:540} INFO - Filling up the DagBag from /mnt/d/Programming/Vietnamese-Text-Generator/airflow_env/lib/python3.10/site-packages/airflow/example_dags/example_complex.py
[2024-04-29T15:27:32.634+0700] {processor.py:840} INFO - DAG(s) 'example_complex' retrieved from /mnt/d/Programming/Vietnamese-Text-Generator/airflow_env/lib/python3.10/site-packages/airflow/example_dags/example_complex.py
[2024-04-29T15:27:32.680+0700] {logging_mixin.py:188} INFO - [2024-04-29T15:27:32.679+0700] {dag.py:3096} INFO - Sync 1 DAGs
[2024-04-29T15:27:32.697+0700] {logging_mixin.py:188} INFO - [2024-04-29T15:27:32.696+0700] {dag.py:3954} INFO - Setting next_dagrun for example_complex to None, run_after=None
[2024-04-29T15:27:32.766+0700] {processor.py:183} INFO - Processing /mnt/d/Programming/Vietnamese-Text-Generator/airflow_env/lib/python3.10/site-packages/airflow/example_dags/example_complex.py took 0.193 seconds
[2024-04-29T15:28:48.453+0700] {processor.py:161} INFO - Started process (PID=36540) to work on /mnt/d/Programming/Vietnamese-Text-Generator/airflow_env/lib/python3.10/site-packages/airflow/example_dags/example_complex.py
[2024-04-29T15:28:48.456+0700] {processor.py:830} INFO - Processing file /mnt/d/Programming/Vietnamese-Text-Generator/airflow_env/lib/python3.10/site-packages/airflow/example_dags/example_complex.py for tasks to queue
[2024-04-29T15:28:48.459+0700] {logging_mixin.py:188} INFO - [2024-04-29T15:28:48.457+0700] {dagbag.py:540} INFO - Filling up the DagBag from /mnt/d/Programming/Vietnamese-Text-Generator/airflow_env/lib/python3.10/site-packages/airflow/example_dags/example_complex.py
[2024-04-29T15:28:48.491+0700] {processor.py:840} INFO - DAG(s) 'example_complex' retrieved from /mnt/d/Programming/Vietnamese-Text-Generator/airflow_env/lib/python3.10/site-packages/airflow/example_dags/example_complex.py
[2024-04-29T15:28:48.551+0700] {logging_mixin.py:188} INFO - [2024-04-29T15:28:48.550+0700] {dag.py:3096} INFO - Sync 1 DAGs
[2024-04-29T15:28:48.571+0700] {logging_mixin.py:188} INFO - [2024-04-29T15:28:48.569+0700] {dag.py:3954} INFO - Setting next_dagrun for example_complex to None, run_after=None
[2024-04-29T15:28:48.687+0700] {processor.py:183} INFO - Processing /mnt/d/Programming/Vietnamese-Text-Generator/airflow_env/lib/python3.10/site-packages/airflow/example_dags/example_complex.py took 0.248 seconds
[2024-04-29T15:30:10.970+0700] {processor.py:161} INFO - Started process (PID=36925) to work on /mnt/d/Programming/Vietnamese-Text-Generator/airflow_env/lib/python3.10/site-packages/airflow/example_dags/example_complex.py
[2024-04-29T15:30:10.973+0700] {processor.py:830} INFO - Processing file /mnt/d/Programming/Vietnamese-Text-Generator/airflow_env/lib/python3.10/site-packages/airflow/example_dags/example_complex.py for tasks to queue
[2024-04-29T15:30:10.976+0700] {logging_mixin.py:188} INFO - [2024-04-29T15:30:10.974+0700] {dagbag.py:540} INFO - Filling up the DagBag from /mnt/d/Programming/Vietnamese-Text-Generator/airflow_env/lib/python3.10/site-packages/airflow/example_dags/example_complex.py
[2024-04-29T15:30:11.016+0700] {processor.py:840} INFO - DAG(s) 'example_complex' retrieved from /mnt/d/Programming/Vietnamese-Text-Generator/airflow_env/lib/python3.10/site-packages/airflow/example_dags/example_complex.py
[2024-04-29T15:30:11.070+0700] {logging_mixin.py:188} INFO - [2024-04-29T15:30:11.069+0700] {dag.py:3096} INFO - Sync 1 DAGs
[2024-04-29T15:30:11.089+0700] {logging_mixin.py:188} INFO - [2024-04-29T15:30:11.088+0700] {dag.py:3954} INFO - Setting next_dagrun for example_complex to None, run_after=None
[2024-04-29T15:30:11.146+0700] {processor.py:183} INFO - Processing /mnt/d/Programming/Vietnamese-Text-Generator/airflow_env/lib/python3.10/site-packages/airflow/example_dags/example_complex.py took 0.194 seconds
[2024-04-29T15:31:32.877+0700] {processor.py:161} INFO - Started process (PID=37306) to work on /mnt/d/Programming/Vietnamese-Text-Generator/airflow_env/lib/python3.10/site-packages/airflow/example_dags/example_complex.py
[2024-04-29T15:31:32.879+0700] {processor.py:830} INFO - Processing file /mnt/d/Programming/Vietnamese-Text-Generator/airflow_env/lib/python3.10/site-packages/airflow/example_dags/example_complex.py for tasks to queue
[2024-04-29T15:31:32.881+0700] {logging_mixin.py:188} INFO - [2024-04-29T15:31:32.880+0700] {dagbag.py:540} INFO - Filling up the DagBag from /mnt/d/Programming/Vietnamese-Text-Generator/airflow_env/lib/python3.10/site-packages/airflow/example_dags/example_complex.py
[2024-04-29T15:31:32.902+0700] {processor.py:840} INFO - DAG(s) 'example_complex' retrieved from /mnt/d/Programming/Vietnamese-Text-Generator/airflow_env/lib/python3.10/site-packages/airflow/example_dags/example_complex.py
[2024-04-29T15:31:32.965+0700] {logging_mixin.py:188} INFO - [2024-04-29T15:31:32.964+0700] {dag.py:3096} INFO - Sync 1 DAGs
[2024-04-29T15:31:32.988+0700] {logging_mixin.py:188} INFO - [2024-04-29T15:31:32.986+0700] {dag.py:3954} INFO - Setting next_dagrun for example_complex to None, run_after=None
[2024-04-29T15:31:33.074+0700] {processor.py:183} INFO - Processing /mnt/d/Programming/Vietnamese-Text-Generator/airflow_env/lib/python3.10/site-packages/airflow/example_dags/example_complex.py took 0.209 seconds
[2024-04-29T15:32:49.712+0700] {processor.py:161} INFO - Started process (PID=37664) to work on /mnt/d/Programming/Vietnamese-Text-Generator/airflow_env/lib/python3.10/site-packages/airflow/example_dags/example_complex.py
[2024-04-29T15:32:49.714+0700] {processor.py:830} INFO - Processing file /mnt/d/Programming/Vietnamese-Text-Generator/airflow_env/lib/python3.10/site-packages/airflow/example_dags/example_complex.py for tasks to queue
[2024-04-29T15:32:49.716+0700] {logging_mixin.py:188} INFO - [2024-04-29T15:32:49.715+0700] {dagbag.py:540} INFO - Filling up the DagBag from /mnt/d/Programming/Vietnamese-Text-Generator/airflow_env/lib/python3.10/site-packages/airflow/example_dags/example_complex.py
[2024-04-29T15:32:49.740+0700] {processor.py:840} INFO - DAG(s) 'example_complex' retrieved from /mnt/d/Programming/Vietnamese-Text-Generator/airflow_env/lib/python3.10/site-packages/airflow/example_dags/example_complex.py
[2024-04-29T15:32:49.781+0700] {logging_mixin.py:188} INFO - [2024-04-29T15:32:49.780+0700] {dag.py:3096} INFO - Sync 1 DAGs
[2024-04-29T15:32:49.796+0700] {logging_mixin.py:188} INFO - [2024-04-29T15:32:49.795+0700] {dag.py:3954} INFO - Setting next_dagrun for example_complex to None, run_after=None
[2024-04-29T15:32:49.867+0700] {processor.py:183} INFO - Processing /mnt/d/Programming/Vietnamese-Text-Generator/airflow_env/lib/python3.10/site-packages/airflow/example_dags/example_complex.py took 0.170 seconds
[2024-04-29T15:34:06.613+0700] {processor.py:161} INFO - Started process (PID=38024) to work on /mnt/d/Programming/Vietnamese-Text-Generator/airflow_env/lib/python3.10/site-packages/airflow/example_dags/example_complex.py
[2024-04-29T15:34:06.616+0700] {processor.py:830} INFO - Processing file /mnt/d/Programming/Vietnamese-Text-Generator/airflow_env/lib/python3.10/site-packages/airflow/example_dags/example_complex.py for tasks to queue
[2024-04-29T15:34:06.619+0700] {logging_mixin.py:188} INFO - [2024-04-29T15:34:06.618+0700] {dagbag.py:540} INFO - Filling up the DagBag from /mnt/d/Programming/Vietnamese-Text-Generator/airflow_env/lib/python3.10/site-packages/airflow/example_dags/example_complex.py
[2024-04-29T15:34:06.646+0700] {processor.py:840} INFO - DAG(s) 'example_complex' retrieved from /mnt/d/Programming/Vietnamese-Text-Generator/airflow_env/lib/python3.10/site-packages/airflow/example_dags/example_complex.py
[2024-04-29T15:34:06.698+0700] {logging_mixin.py:188} INFO - [2024-04-29T15:34:06.696+0700] {dag.py:3096} INFO - Sync 1 DAGs
[2024-04-29T15:34:06.718+0700] {logging_mixin.py:188} INFO - [2024-04-29T15:34:06.716+0700] {dag.py:3954} INFO - Setting next_dagrun for example_complex to None, run_after=None
[2024-04-29T15:34:06.808+0700] {processor.py:183} INFO - Processing /mnt/d/Programming/Vietnamese-Text-Generator/airflow_env/lib/python3.10/site-packages/airflow/example_dags/example_complex.py took 0.209 seconds
[2024-04-29T15:35:26.707+0700] {processor.py:161} INFO - Started process (PID=38399) to work on /mnt/d/Programming/Vietnamese-Text-Generator/airflow_env/lib/python3.10/site-packages/airflow/example_dags/example_complex.py
[2024-04-29T15:35:26.709+0700] {processor.py:830} INFO - Processing file /mnt/d/Programming/Vietnamese-Text-Generator/airflow_env/lib/python3.10/site-packages/airflow/example_dags/example_complex.py for tasks to queue
[2024-04-29T15:35:26.713+0700] {logging_mixin.py:188} INFO - [2024-04-29T15:35:26.712+0700] {dagbag.py:540} INFO - Filling up the DagBag from /mnt/d/Programming/Vietnamese-Text-Generator/airflow_env/lib/python3.10/site-packages/airflow/example_dags/example_complex.py
[2024-04-29T15:35:26.738+0700] {processor.py:840} INFO - DAG(s) 'example_complex' retrieved from /mnt/d/Programming/Vietnamese-Text-Generator/airflow_env/lib/python3.10/site-packages/airflow/example_dags/example_complex.py
[2024-04-29T15:35:26.779+0700] {logging_mixin.py:188} INFO - [2024-04-29T15:35:26.778+0700] {dag.py:3096} INFO - Sync 1 DAGs
[2024-04-29T15:35:26.795+0700] {logging_mixin.py:188} INFO - [2024-04-29T15:35:26.794+0700] {dag.py:3954} INFO - Setting next_dagrun for example_complex to None, run_after=None
[2024-04-29T15:35:26.876+0700] {processor.py:183} INFO - Processing /mnt/d/Programming/Vietnamese-Text-Generator/airflow_env/lib/python3.10/site-packages/airflow/example_dags/example_complex.py took 0.186 seconds
[2024-04-29T15:36:44.830+0700] {processor.py:161} INFO - Started process (PID=38763) to work on /mnt/d/Programming/Vietnamese-Text-Generator/airflow_env/lib/python3.10/site-packages/airflow/example_dags/example_complex.py
[2024-04-29T15:36:44.834+0700] {processor.py:830} INFO - Processing file /mnt/d/Programming/Vietnamese-Text-Generator/airflow_env/lib/python3.10/site-packages/airflow/example_dags/example_complex.py for tasks to queue
[2024-04-29T15:36:44.838+0700] {logging_mixin.py:188} INFO - [2024-04-29T15:36:44.837+0700] {dagbag.py:540} INFO - Filling up the DagBag from /mnt/d/Programming/Vietnamese-Text-Generator/airflow_env/lib/python3.10/site-packages/airflow/example_dags/example_complex.py
[2024-04-29T15:36:44.881+0700] {processor.py:840} INFO - DAG(s) 'example_complex' retrieved from /mnt/d/Programming/Vietnamese-Text-Generator/airflow_env/lib/python3.10/site-packages/airflow/example_dags/example_complex.py
[2024-04-29T15:36:44.945+0700] {logging_mixin.py:188} INFO - [2024-04-29T15:36:44.944+0700] {dag.py:3096} INFO - Sync 1 DAGs
[2024-04-29T15:36:44.960+0700] {logging_mixin.py:188} INFO - [2024-04-29T15:36:44.959+0700] {dag.py:3954} INFO - Setting next_dagrun for example_complex to None, run_after=None
[2024-04-29T15:36:45.024+0700] {processor.py:183} INFO - Processing /mnt/d/Programming/Vietnamese-Text-Generator/airflow_env/lib/python3.10/site-packages/airflow/example_dags/example_complex.py took 0.210 seconds
[2024-04-29T15:37:57.256+0700] {processor.py:161} INFO - Started process (PID=39104) to work on /mnt/d/Programming/Vietnamese-Text-Generator/airflow_env/lib/python3.10/site-packages/airflow/example_dags/example_complex.py
[2024-04-29T15:37:57.258+0700] {processor.py:830} INFO - Processing file /mnt/d/Programming/Vietnamese-Text-Generator/airflow_env/lib/python3.10/site-packages/airflow/example_dags/example_complex.py for tasks to queue
[2024-04-29T15:37:57.262+0700] {logging_mixin.py:188} INFO - [2024-04-29T15:37:57.260+0700] {dagbag.py:540} INFO - Filling up the DagBag from /mnt/d/Programming/Vietnamese-Text-Generator/airflow_env/lib/python3.10/site-packages/airflow/example_dags/example_complex.py
[2024-04-29T15:37:57.305+0700] {processor.py:840} INFO - DAG(s) 'example_complex' retrieved from /mnt/d/Programming/Vietnamese-Text-Generator/airflow_env/lib/python3.10/site-packages/airflow/example_dags/example_complex.py
[2024-04-29T15:37:57.479+0700] {logging_mixin.py:188} INFO - [2024-04-29T15:37:57.479+0700] {dag.py:3096} INFO - Sync 1 DAGs
[2024-04-29T15:37:57.493+0700] {logging_mixin.py:188} INFO - [2024-04-29T15:37:57.492+0700] {dag.py:3954} INFO - Setting next_dagrun for example_complex to None, run_after=None
[2024-04-29T15:37:57.548+0700] {processor.py:183} INFO - Processing /mnt/d/Programming/Vietnamese-Text-Generator/airflow_env/lib/python3.10/site-packages/airflow/example_dags/example_complex.py took 0.308 seconds
[2024-04-29T15:39:11.237+0700] {processor.py:161} INFO - Started process (PID=39450) to work on /mnt/d/Programming/Vietnamese-Text-Generator/airflow_env/lib/python3.10/site-packages/airflow/example_dags/example_complex.py
[2024-04-29T15:39:11.239+0700] {processor.py:830} INFO - Processing file /mnt/d/Programming/Vietnamese-Text-Generator/airflow_env/lib/python3.10/site-packages/airflow/example_dags/example_complex.py for tasks to queue
[2024-04-29T15:39:11.243+0700] {logging_mixin.py:188} INFO - [2024-04-29T15:39:11.241+0700] {dagbag.py:540} INFO - Filling up the DagBag from /mnt/d/Programming/Vietnamese-Text-Generator/airflow_env/lib/python3.10/site-packages/airflow/example_dags/example_complex.py
[2024-04-29T15:39:11.277+0700] {processor.py:840} INFO - DAG(s) 'example_complex' retrieved from /mnt/d/Programming/Vietnamese-Text-Generator/airflow_env/lib/python3.10/site-packages/airflow/example_dags/example_complex.py
[2024-04-29T15:39:11.321+0700] {logging_mixin.py:188} INFO - [2024-04-29T15:39:11.320+0700] {dag.py:3096} INFO - Sync 1 DAGs
[2024-04-29T15:39:11.339+0700] {logging_mixin.py:188} INFO - [2024-04-29T15:39:11.338+0700] {dag.py:3954} INFO - Setting next_dagrun for example_complex to None, run_after=None
[2024-04-29T15:39:11.413+0700] {processor.py:183} INFO - Processing /mnt/d/Programming/Vietnamese-Text-Generator/airflow_env/lib/python3.10/site-packages/airflow/example_dags/example_complex.py took 0.190 seconds
[2024-04-29T15:40:21.522+0700] {processor.py:161} INFO - Started process (PID=39782) to work on /mnt/d/Programming/Vietnamese-Text-Generator/airflow_env/lib/python3.10/site-packages/airflow/example_dags/example_complex.py
[2024-04-29T15:40:21.524+0700] {processor.py:830} INFO - Processing file /mnt/d/Programming/Vietnamese-Text-Generator/airflow_env/lib/python3.10/site-packages/airflow/example_dags/example_complex.py for tasks to queue
[2024-04-29T15:40:21.526+0700] {logging_mixin.py:188} INFO - [2024-04-29T15:40:21.525+0700] {dagbag.py:540} INFO - Filling up the DagBag from /mnt/d/Programming/Vietnamese-Text-Generator/airflow_env/lib/python3.10/site-packages/airflow/example_dags/example_complex.py
[2024-04-29T15:40:21.549+0700] {processor.py:840} INFO - DAG(s) 'example_complex' retrieved from /mnt/d/Programming/Vietnamese-Text-Generator/airflow_env/lib/python3.10/site-packages/airflow/example_dags/example_complex.py
[2024-04-29T15:40:21.585+0700] {logging_mixin.py:188} INFO - [2024-04-29T15:40:21.584+0700] {dag.py:3096} INFO - Sync 1 DAGs
[2024-04-29T15:40:21.598+0700] {logging_mixin.py:188} INFO - [2024-04-29T15:40:21.597+0700] {dag.py:3954} INFO - Setting next_dagrun for example_complex to None, run_after=None
[2024-04-29T15:40:21.651+0700] {processor.py:183} INFO - Processing /mnt/d/Programming/Vietnamese-Text-Generator/airflow_env/lib/python3.10/site-packages/airflow/example_dags/example_complex.py took 0.140 seconds
[2024-04-29T15:41:29.279+0700] {processor.py:161} INFO - Started process (PID=40109) to work on /mnt/d/Programming/Vietnamese-Text-Generator/airflow_env/lib/python3.10/site-packages/airflow/example_dags/example_complex.py
[2024-04-29T15:41:29.281+0700] {processor.py:830} INFO - Processing file /mnt/d/Programming/Vietnamese-Text-Generator/airflow_env/lib/python3.10/site-packages/airflow/example_dags/example_complex.py for tasks to queue
[2024-04-29T15:41:29.285+0700] {logging_mixin.py:188} INFO - [2024-04-29T15:41:29.284+0700] {dagbag.py:540} INFO - Filling up the DagBag from /mnt/d/Programming/Vietnamese-Text-Generator/airflow_env/lib/python3.10/site-packages/airflow/example_dags/example_complex.py
[2024-04-29T15:41:29.326+0700] {processor.py:840} INFO - DAG(s) 'example_complex' retrieved from /mnt/d/Programming/Vietnamese-Text-Generator/airflow_env/lib/python3.10/site-packages/airflow/example_dags/example_complex.py
[2024-04-29T15:41:29.384+0700] {logging_mixin.py:188} INFO - [2024-04-29T15:41:29.383+0700] {dag.py:3096} INFO - Sync 1 DAGs
[2024-04-29T15:41:29.411+0700] {logging_mixin.py:188} INFO - [2024-04-29T15:41:29.410+0700] {dag.py:3954} INFO - Setting next_dagrun for example_complex to None, run_after=None
[2024-04-29T15:41:29.493+0700] {processor.py:183} INFO - Processing /mnt/d/Programming/Vietnamese-Text-Generator/airflow_env/lib/python3.10/site-packages/airflow/example_dags/example_complex.py took 0.232 seconds
